[2026-03-27T20:11:31.611Z] GET /admin/dashboard-data -> 401 (21ms)
[2026-03-27T20:11:58.865Z] POST /admin/login -> 200 (2ms)
[2026-03-27T20:12:03.598Z] GET /estoque -> 401 (6ms)
[2026-03-27T20:12:19.984Z] GET / -> 304 (6ms)
[2026-03-27T20:12:20.066Z] GET /imagens_projeto_acougue/Apresentacao/interna2.jpeg.jpeg -> 304 (22ms)
[2026-03-27T20:12:20.083Z] GET /java.Script.js -> 304 (9ms)
[2026-03-27T20:12:20.089Z] GET /style.css -> 304 (14ms)
[2026-03-27T20:12:20.092Z] GET /imagens_projeto_acougue/Carrinho/car3.png -> 304 (13ms)
[2026-03-27T20:12:20.098Z] GET /imagens_projeto_acougue/Apresentacao/imagem.logo.joia.jpeg.png -> 304 (18ms)
[2026-03-27T20:12:20.103Z] GET /imagens_projeto_acougue/Apresentacao/interna1.jpeg.jpeg -> 304 (21ms)
[2026-03-27T20:12:20.108Z] GET /imagens_projeto_acougue/Apresentacao/imagemloja.jpeg.jpeg -> 304 (27ms)
[2026-03-27T20:12:20.199Z] GET /imagens_projeto_acougue/Apresentacao/interna3.jpeg.jpeg -> 304 (85ms)
[2026-03-27T20:12:20.231Z] GET /imagens_projeto_acougue/Carne_Primeira/Contra-file.jpeg -> 304 (116ms)
[2026-03-27T20:12:20.242Z] GET /imagens_projeto_acougue/Carne_Primeira/maminha.jpeg -> 304 (115ms)
[2026-03-27T20:12:20.248Z] GET /imagens_projeto_acougue/Apresentacao/interna5.jpeg -> 304 (134ms)
[2026-03-27T20:12:20.270Z] GET /imagens_projeto_acougue/Carne_Primeira/Picanha.jpeg -> 304 (154ms)
[2026-03-27T20:12:20.291Z] GET /imagens_projeto_acougue/Apresentacao/interna4.jpeg.jpeg -> 304 (176ms)
[2026-03-27T20:12:20.339Z] GET /imagens_projeto_acougue/Carne_Primeira/Filet-mignon.Jpeg -> 304 (111ms)
[2026-03-27T20:12:20.413Z] POST /produtos/sync-catalogo -> 401 (1ms)
[2026-03-27T20:12:20.460Z] GET /imagens_projeto_acougue/Carne_Primeira/Fraudinha.jpeg -> 304 (11ms)
[2026-03-27T20:12:20.513Z] GET /imagens_projeto_acougue/Carne_Primeira/Costela-PA.jpeg -> 304 (59ms)
[2026-03-27T20:12:20.562Z] GET /imagens_projeto_acougue/Carne_Primeira/Costela-Ripa.jpeg -> 304 (107ms)
[2026-03-27T20:12:20.593Z] GET /imagens_projeto_acougue/Carne_Primeira/Coxao-mole.jpeg -> 304 (137ms)
[2026-03-27T20:12:20.622Z] GET /imagens_projeto_acougue/Carne_Primeira/Patinho.jpeg -> 304 (166ms)
[2026-03-27T20:12:20.645Z] GET /imagens_projeto_acougue/Carne_Primeira/Coxao-Duro.jpeg -> 304 (187ms)
[2026-03-27T20:12:20.760Z] GET /produtos -> 304 (19ms)
[2026-03-27T20:12:20.789Z] GET /imagens_projeto_acougue/Carne_Primeira/costelaRecheada.jpeg -> 304 (48ms)
[2026-03-27T20:12:20.806Z] GET /imagens_projeto_acougue/Carnes_Segunda/Bisteca.jpeg -> 304 (64ms)
[2026-03-27T20:12:20.844Z] GET /imagens_projeto_acougue/Carnes_Segunda/Costelinha.jpeg -> 304 (99ms)
[2026-03-27T20:12:20.889Z] GET /imagens_projeto_acougue/Carnes_Segunda/file_mignon.webp -> 304 (135ms)
[2026-03-27T20:12:20.898Z] GET /imagens_projeto_acougue/Carnes_Segunda/Panceta.jpeg -> 304 (141ms)
[2026-03-27T20:12:20.934Z] GET /imagens_projeto_acougue/Carnes_Segunda/Pernilc_osso.jpeg -> 304 (10ms)
[2026-03-27T20:12:20.938Z] GET /imagens_projeto_acougue/Carnes_Segunda/PernilS_osso.jpeg -> 304 (13ms)
[2026-03-27T20:12:20.941Z] GET /imagens_projeto_acougue/Carnes_Segunda/Lombo.jpeg -> 304 (13ms)
[2026-03-27T20:12:20.946Z] GET /imagens_projeto_acougue/Carnes_Segunda/Ling_Fina.jpeg -> 304 (16ms)
[2026-03-27T20:12:20.958Z] GET /imagens_projeto_acougue/Carnes_Segunda/Ling_Apim.jpeg -> 304 (27ms)
[2026-03-27T20:12:20.963Z] GET /imagens_projeto_acougue/Pasta_Frango/Coracao.jpeg -> 304 (31ms)
[2026-03-27T20:12:20.985Z] GET /imagens_projeto_acougue/Pasta_Frango/Coxa_sobre_coxa.jpeg -> 304 (11ms)
[2026-03-27T20:12:20.990Z] GET /imagens_projeto_acougue/Pasta_Frango/Coxinha.jpeg -> 304 (14ms)
[2026-03-27T20:12:21.015Z] GET /imagens_projeto_acougue/Pasta_Frango/PeitoC_osso.jpeg -> 304 (38ms)
[2026-03-27T20:12:21.027Z] GET /imagens_projeto_acougue/Pasta_Frango/PeitoS_osso.jpeg -> 304 (48ms)
[2026-03-27T20:12:21.032Z] GET /imagens_projeto_acougue/Pasta_Frango/Sobre_Coxa.jpeg -> 304 (51ms)
[2026-03-27T20:12:21.047Z] GET /imagens_projeto_acougue/Pasta_Frango/Tulipa.jpeg -> 304 (63ms)
[2026-03-27T20:12:21.069Z] GET /imagens_projeto_acougue/Pasta_Frango/moela.jpeg -> 304 (9ms)
[2026-03-27T20:12:21.080Z] GET /imagens_projeto_acougue/Pasta_Frango/figado.jpeg -> 304 (19ms)
[2026-03-27T20:12:21.095Z] GET /imagens_projeto_acougue/Pasta_Frango/pe.jpeg -> 304 (33ms)
[2026-03-27T20:12:21.118Z] GET /imagens_projeto_acougue/Rotisseria/Artroz_Grega.jpeg -> 304 (55ms)
[2026-03-27T20:12:21.127Z] GET /imagens_projeto_acougue/Rotisseria/Contra_assado.jpeg -> 304 (63ms)
[2026-03-27T20:12:21.137Z] GET /imagens_projeto_acougue/Rotisseria/maionese.jpeg -> 304 (71ms)
[2026-03-27T20:12:21.172Z] GET /imagens_projeto_acougue/Rotisseria/Picanha_assada.jpeg -> 304 (30ms)
[2026-03-27T20:12:21.190Z] GET /imagens_projeto_acougue/Conveniencia/carvao.jpeg -> 304 (44ms)
[2026-03-27T20:12:21.201Z] GET /imagens_projeto_acougue/Conveniencia/Cerveja.jpeg -> 304 (54ms)
[2026-03-27T20:13:41.739Z] GET / -> 304 (2ms)
[2026-03-27T20:13:41.853Z] GET /style.css -> 304 (4ms)
[2026-03-27T20:13:41.957Z] GET /imagens_projeto_acougue/Carrinho/car3.png -> 304 (110ms)
[2026-03-27T20:13:42.325Z] GET /imagens_projeto_acougue/Apresentacao/interna2.jpeg.jpeg -> 304 (479ms)
[2026-03-27T20:13:42.488Z] GET /imagens_projeto_acougue/Apresentacao/imagem.logo.joia.jpeg.png -> 304 (638ms)
[2026-03-27T20:13:42.651Z] GET /imagens_projeto_acougue/Apresentacao/imagemloja.jpeg.jpeg -> 304 (799ms)
[2026-03-27T20:13:42.823Z] GET /imagens_projeto_acougue/Apresentacao/interna1.jpeg.jpeg -> 304 (972ms)
[2026-03-27T20:13:42.961Z] GET /java.Script.js -> 304 (18ms)
[2026-03-27T20:13:43.036Z] GET /imagens_projeto_acougue/Carne_Primeira/Filet-mignon.Jpeg -> 304 (92ms)
[2026-03-27T20:13:43.072Z] GET /imagens_projeto_acougue/Apresentacao/interna4.jpeg.jpeg -> 304 (123ms)
[2026-03-27T20:13:43.092Z] GET /imagens_projeto_acougue/Apresentacao/interna3.jpeg.jpeg -> 304 (140ms)
[2026-03-27T20:13:43.122Z] GET /imagens_projeto_acougue/Carne_Primeira/Picanha.jpeg -> 304 (169ms)
[2026-03-27T20:13:43.153Z] GET /imagens_projeto_acougue/Carne_Primeira/Costela-PA.jpeg -> 304 (198ms)
[2026-03-27T20:13:43.319Z] POST /produtos/sync-catalogo -> 401 (10ms)
[2026-03-27T20:13:43.365Z] GET /imagens_projeto_acougue/Carne_Primeira/Costela-Ripa.jpeg -> 304 (91ms)
[2026-03-27T20:13:43.387Z] GET /imagens_projeto_acougue/Carne_Primeira/Contra-file.jpeg -> 304 (110ms)
[2026-03-27T20:13:43.393Z] GET /imagens_projeto_acougue/Carne_Primeira/maminha.jpeg -> 304 (112ms)
[2026-03-27T20:13:43.441Z] GET /imagens_projeto_acougue/Apresentacao/interna5.jpeg -> 304 (153ms)
[2026-03-27T20:13:43.456Z] GET /imagens_projeto_acougue/Carne_Primeira/Fraudinha.jpeg -> 304 (164ms)
[2026-03-27T20:13:43.475Z] GET /produtos -> 304 (9ms)
[2026-03-27T20:13:43.494Z] GET /imagens_projeto_acougue/Carne_Primeira/Coxao-mole.jpeg -> 304 (29ms)
[2026-03-27T20:13:43.516Z] GET /imagens_projeto_acougue/Carne_Primeira/Coxao-Duro.jpeg -> 304 (49ms)
[2026-03-27T20:13:43.534Z] GET /imagens_projeto_acougue/Carne_Primeira/Patinho.jpeg -> 304 (66ms)
[2026-03-27T20:13:43.577Z] GET /imagens_projeto_acougue/Carne_Primeira/costelaRecheada.jpeg -> 304 (107ms)
[2026-03-27T20:13:43.643Z] GET /imagens_projeto_acougue/Carnes_Segunda/Bisteca.jpeg -> 304 (171ms)
[2026-03-27T20:13:43.737Z] GET /imagens_projeto_acougue/Carnes_Segunda/Costelinha.jpeg -> 304 (114ms)
[2026-03-27T20:13:43.774Z] GET /imagens_projeto_acougue/Carnes_Segunda/file_mignon.webp -> 304 (149ms)
[2026-03-27T20:13:43.806Z] GET /imagens_projeto_acougue/Carnes_Segunda/Panceta.jpeg -> 304 (180ms)
[2026-03-27T20:13:43.821Z] GET /imagens_projeto_acougue/Carnes_Segunda/Pernilc_osso.jpeg -> 304 (191ms)
[2026-03-27T20:13:43.840Z] GET /imagens_projeto_acougue/Carnes_Segunda/PernilS_osso.jpeg -> 304 (23ms)
[2026-03-27T20:13:43.856Z] GET /imagens_projeto_acougue/Carnes_Segunda/Lombo.jpeg -> 304 (31ms)
[2026-03-27T20:13:43.877Z] GET /imagens_projeto_acougue/Carnes_Segunda/Ling_Fina.jpeg -> 304 (51ms)
[2026-03-27T20:13:43.894Z] GET /imagens_projeto_acougue/Carnes_Segunda/Ling_Apim.jpeg -> 304 (57ms)
[2026-03-27T20:13:43.943Z] GET /imagens_projeto_acougue/Pasta_Frango/Coracao.jpeg -> 304 (105ms)
[2026-03-27T20:13:43.981Z] GET /imagens_projeto_acougue/Pasta_Frango/Coxa_sobre_coxa.jpeg -> 304 (43ms)
[2026-03-27T20:13:43.989Z] GET /imagens_projeto_acougue/Pasta_Frango/Coxinha.jpeg -> 304 (32ms)
[2026-03-27T20:13:44.026Z] GET /imagens_projeto_acougue/Pasta_Frango/PeitoC_osso.jpeg -> 304 (68ms)
[2026-03-27T20:13:44.052Z] GET /imagens_projeto_acougue/Pasta_Frango/PeitoS_osso.jpeg -> 304 (91ms)
[2026-03-27T20:13:44.066Z] GET /imagens_projeto_acougue/Pasta_Frango/Sobre_Coxa.jpeg -> 304 (92ms)
[2026-03-27T20:13:44.102Z] GET /imagens_projeto_acougue/Pasta_Frango/Tulipa.jpeg -> 304 (15ms)
[2026-03-27T20:13:44.110Z] GET /imagens_projeto_acougue/Pasta_Frango/moela.jpeg -> 304 (21ms)
[2026-03-27T20:13:44.122Z] GET /imagens_projeto_acougue/Pasta_Frango/figado.jpeg -> 304 (31ms)
[2026-03-27T20:13:44.185Z] GET /imagens_projeto_acougue/Pasta_Frango/pe.jpeg -> 304 (93ms)
[2026-03-27T20:13:44.199Z] GET /imagens_projeto_acougue/Rotisseria/Artroz_Grega.jpeg -> 304 (101ms)
[2026-03-27T20:13:44.218Z] GET /imagens_projeto_acougue/Rotisseria/Contra_assado.jpeg -> 304 (119ms)
[2026-03-27T20:13:44.242Z] GET /imagens_projeto_acougue/Rotisseria/maionese.jpeg -> 304 (8ms)
[2026-03-27T20:13:44.258Z] GET /imagens_projeto_acougue/Conveniencia/carvao.jpeg -> 304 (22ms)
[2026-03-27T20:13:44.283Z] GET /imagens_projeto_acougue/Conveniencia/Cerveja.jpeg -> 304 (47ms)
[2026-03-27T20:13:44.292Z] GET /imagens_projeto_acougue/Rotisseria/Picanha_assada.jpeg -> 304 (57ms)
[2026-03-27T20:13:55.400Z] GET /admin -> 200 (24ms)
[2026-03-27T20:14:02.366Z] POST /admin/login -> 200 (1ms)
[2026-03-27T20:14:02.387Z] GET /admin/dashboard-data -> 200 (6ms)
[2026-03-27T20:14:25.887Z] GET /admin/dashboard-data -> 304 (3ms)
[2026-04-02T00:06:11.008Z] GET / -> 200 (345ms)
[2026-04-02T00:06:11.137Z] GET /imagens_projeto_acougue/Carrinho/car3.png -> 304 (17ms)
[2026-04-02T00:06:11.189Z] GET /style.css -> 304 (71ms)
[2026-04-02T00:06:11.201Z] GET /imagens_projeto_acougue/Apresentacao/imagem.logo.joia.jpeg.png -> 304 (78ms)
[2026-04-02T00:06:11.235Z] GET /imagens_projeto_acougue/Apresentacao/imagemloja.jpeg.jpeg -> 304 (111ms)
[2026-04-02T00:06:11.299Z] GET /imagens_projeto_acougue/Apresentacao/interna1.jpeg.jpeg -> 304 (174ms)
[2026-04-02T00:06:11.306Z] GET /imagens_projeto_acougue/Apresentacao/interna2.jpeg.jpeg -> 304 (176ms)
[2026-04-02T00:06:11.374Z] GET /imagens_projeto_acougue/Apresentacao/interna3.jpeg.jpeg -> 304 (33ms)
[2026-04-02T00:06:11.422Z] GET /imagens_projeto_acougue/Apresentacao/interna4.jpeg.jpeg -> 304 (71ms)
[2026-04-02T00:06:11.473Z] GET /imagens_projeto_acougue/Apresentacao/interna5.jpeg -> 304 (115ms)
[2026-04-02T00:06:11.573Z] GET /imagens_projeto_acougue/Carne_Primeira/Contra-file.jpeg -> 304 (206ms)
[2026-04-02T00:06:11.687Z] GET /config.js -> 200 (350ms)
[2026-04-02T00:06:11.701Z] GET /java.Script.js -> 200 (362ms)
[2026-04-02T00:06:11.718Z] GET /imagens_projeto_acougue/Carne_Primeira/Picanha.jpeg -> 304 (64ms)
[2026-04-02T00:06:11.773Z] GET /imagens_projeto_acougue/Carne_Primeira/maminha.jpeg -> 304 (117ms)
[2026-04-02T00:06:11.796Z] GET /imagens_projeto_acougue/Carne_Primeira/Fraudinha.jpeg -> 304 (139ms)
[2026-04-02T00:06:11.807Z] GET /imagens_projeto_acougue/Carne_Primeira/Filet-mignon.Jpeg -> 304 (143ms)
[2026-04-02T00:06:11.907Z] POST /produtos/sync-catalogo -> 401 (5ms)
[2026-04-02T00:06:11.919Z] GET /imagens_projeto_acougue/Carne_Primeira/Costela-PA.jpeg -> 304 (90ms)
[2026-04-02T00:06:11.937Z] GET /imagens_projeto_acougue/Carne_Primeira/Costela-Ripa.jpeg -> 304 (105ms)
[2026-04-02T00:06:11.966Z] GET /imagens_projeto_acougue/Carne_Primeira/Coxao-mole.jpeg -> 304 (49ms)
[2026-04-02T00:06:11.988Z] GET /imagens_projeto_acougue/Carne_Primeira/costelaRecheada.jpeg -> 304 (70ms)
[2026-04-02T00:06:12.004Z] GET /imagens_projeto_acougue/Carne_Primeira/Coxao-Duro.jpeg -> 304 (87ms)
[2026-04-02T00:06:12.011Z] GET /imagens_projeto_acougue/Carne_Primeira/Patinho.jpeg -> 304 (93ms)
[2026-04-02T00:06:12.031Z] GET /produtos -> 304 (74ms)
[2026-04-02T00:06:12.155Z] GET /imagens_projeto_acougue/Carnes_Segunda/Bisteca.jpeg -> 304 (20ms)
[2026-04-02T00:06:12.213Z] GET /imagens_projeto_acougue/Carnes_Segunda/Costelinha.jpeg -> 304 (75ms)
[2026-04-02T00:06:12.270Z] GET /imagens_projeto_acougue/Carnes_Segunda/file_mignon.webp -> 304 (131ms)
[2026-04-02T00:06:12.301Z] GET /imagens_projeto_acougue/Carnes_Segunda/Panceta.jpeg -> 304 (161ms)
[2026-04-02T00:06:12.333Z] GET /imagens_projeto_acougue/Carnes_Segunda/Pernilc_osso.jpeg -> 304 (185ms)
[2026-04-02T00:06:12.353Z] GET /imagens_projeto_acougue/Carnes_Segunda/PernilS_osso.jpeg -> 304 (201ms)
[2026-04-02T00:06:12.390Z] GET /imagens_projeto_acougue/Carnes_Segunda/Lombo.jpeg -> 304 (18ms)
[2026-04-02T00:06:12.435Z] GET /imagens_projeto_acougue/Carnes_Segunda/Ling_Fina.jpeg -> 304 (54ms)
[2026-04-02T00:06:12.456Z] GET /imagens_projeto_acougue/Carnes_Segunda/Ling_Apim.jpeg -> 304 (74ms)
[2026-04-02T00:06:12.485Z] GET /imagens_projeto_acougue/Pasta_Frango/Coracao.jpeg -> 304 (99ms)
[2026-04-02T00:06:12.550Z] GET /imagens_projeto_acougue/Pasta_Frango/Coxa_sobre_coxa.jpeg -> 304 (162ms)
[2026-04-02T00:06:12.582Z] GET /imagens_projeto_acougue/Pasta_Frango/Coxinha.jpeg -> 304 (194ms)
[2026-04-02T00:06:12.606Z] GET /imagens_projeto_acougue/Pasta_Frango/PeitoC_osso.jpeg -> 304 (6ms)
[2026-04-02T00:06:12.617Z] GET /imagens_projeto_acougue/Pasta_Frango/Sobre_Coxa.jpeg -> 304 (15ms)
[2026-04-02T00:06:12.638Z] GET /imagens_projeto_acougue/Pasta_Frango/moela.jpeg -> 304 (35ms)
[2026-04-02T00:06:12.662Z] GET /imagens_projeto_acougue/Pasta_Frango/PeitoS_osso.jpeg -> 304 (61ms)
[2026-04-02T00:06:12.681Z] GET /imagens_projeto_acougue/Pasta_Frango/Tulipa.jpeg -> 304 (79ms)
[2026-04-02T00:06:12.698Z] GET /imagens_projeto_acougue/Pasta_Frango/figado.jpeg -> 304 (94ms)
[2026-04-02T00:06:12.728Z] GET /imagens_projeto_acougue/Pasta_Frango/pe.jpeg -> 304 (11ms)
[2026-04-02T00:06:12.746Z] GET /imagens_projeto_acougue/Rotisseria/Artroz_Grega.jpeg -> 304 (28ms)
[2026-04-02T00:06:12.754Z] GET /imagens_projeto_acougue/Rotisseria/Contra_assado.jpeg -> 304 (36ms)
[2026-04-02T00:06:12.769Z] GET /imagens_projeto_acougue/Rotisseria/Picanha_assada.jpeg -> 304 (50ms)
[2026-04-02T00:06:12.788Z] GET /imagens_projeto_acougue/Conveniencia/carvao.jpeg -> 304 (68ms)
[2026-04-02T00:06:12.805Z] GET /imagens_projeto_acougue/Rotisseria/maionese.jpeg -> 304 (86ms)
[2026-04-02T00:06:12.823Z] GET /imagens_projeto_acougue/Conveniencia/Cerveja.jpeg -> 304 (5ms)
[2026-04-02T00:06:12.865Z] GET /favicon.ico -> 404 (11ms)
[2026-04-02T00:06:18.199Z] GET /api/status -> 200 (3ms)
[2026-04-02T00:06:21.398Z] GET /admin -> 200 (13ms)
[2026-04-02T00:06:21.433Z] GET /config.js -> 304 (2ms)
[2026-04-02T00:06:21.732Z] GET /admin/dashboard-data -> 401 (6ms)
[2026-04-02T00:06:23.662Z] POST /admin/login -> 401 (1ms)
[2026-04-02T00:06:43.894Z] POST /admin/login -> 401 (1ms)
[2026-04-02T00:06:46.334Z] POST /admin/login -> 401 (3ms)
[2026-04-02T00:06:57.357Z] POST /admin/login -> 401 (1ms)
[2026-04-02T00:07:07.570Z] POST /admin/login -> 401 (1ms)
[2026-04-02T00:07:09.547Z] POST /admin/login -> 401 (1ms)
[2026-04-02T00:07:10.591Z] POST /admin/login -> 401 (0ms)
[2026-04-02T00:07:15.614Z] GET / -> 304 (4ms)
[2026-04-02T00:07:15.657Z] GET /style.css -> 304 (4ms)
[2026-04-02T00:07:15.728Z] GET /imagens_projeto_acougue/Carrinho/car3.png -> 304 (74ms)
[2026-04-02T00:07:15.734Z] GET /imagens_projeto_acougue/Apresentacao/imagem.logo.joia.jpeg.png -> 304 (79ms)
[2026-04-02T00:07:15.755Z] GET /imagens_projeto_acougue/Apresentacao/imagemloja.jpeg.jpeg -> 304 (11ms)
[2026-04-02T00:07:15.762Z] GET /imagens_projeto_acougue/Apresentacao/interna1.jpeg.jpeg -> 304 (16ms)
[2026-04-02T00:07:15.777Z] GET /config.js -> 304 (30ms)
[2026-04-02T00:07:15.790Z] GET /imagens_projeto_acougue/Apresentacao/interna2.jpeg.jpeg -> 304 (43ms)
[2026-04-02T00:07:15.795Z] GET /java.Script.js -> 304 (47ms)
[2026-04-02T00:07:15.858Z] GET /imagens_projeto_acougue/Apresentacao/interna3.jpeg.jpeg -> 304 (109ms)
[2026-04-02T00:07:15.902Z] GET /imagens_projeto_acougue/Apresentacao/interna4.jpeg.jpeg -> 304 (26ms)
[2026-04-02T00:07:15.911Z] GET /imagens_projeto_acougue/Apresentacao/interna5.jpeg -> 304 (20ms)
[2026-04-02T00:07:15.914Z] GET /imagens_projeto_acougue/Carne_Primeira/Contra-file.jpeg -> 304 (22ms)
[2026-04-02T00:07:16.019Z] GET /imagens_projeto_acougue/Carne_Primeira/Picanha.jpeg -> 304 (126ms)
[2026-04-02T00:07:16.031Z] GET /imagens_projeto_acougue/Carne_Primeira/maminha.jpeg -> 304 (138ms)
[2026-04-02T00:07:16.046Z] GET /imagens_projeto_acougue/Carne_Primeira/Fraudinha.jpeg -> 304 (151ms)
[2026-04-02T00:07:16.073Z] POST /produtos/sync-catalogo -> 401 (4ms)
[2026-04-02T00:07:16.078Z] GET /imagens_projeto_acougue/Carne_Primeira/Filet-mignon.Jpeg -> 304 (33ms)
[2026-04-02T00:07:16.096Z] GET /imagens_projeto_acougue/Carne_Primeira/Costela-PA.jpeg -> 304 (34ms)
[2026-04-02T00:07:16.109Z] GET /imagens_projeto_acougue/Carne_Primeira/Costela-Ripa.jpeg -> 304 (46ms)
[2026-04-02T00:07:16.122Z] GET /imagens_projeto_acougue/Carne_Primeira/Coxao-mole.jpeg -> 304 (46ms)
[2026-04-02T00:07:16.129Z] GET /imagens_projeto_acougue/Carne_Primeira/Patinho.jpeg -> 304 (52ms)
[2026-04-02T00:07:16.144Z] GET /imagens_projeto_acougue/Carne_Primeira/Coxao-Duro.jpeg -> 304 (18ms)
[2026-04-02T00:07:16.172Z] GET /produtos -> 304 (31ms)
[2026-04-02T00:07:16.187Z] GET /imagens_projeto_acougue/Carne_Primeira/costelaRecheada.jpeg -> 304 (46ms)
[2026-04-02T00:07:16.203Z] GET /imagens_projeto_acougue/Carnes_Segunda/Bisteca.jpeg -> 304 (60ms)
[2026-04-02T00:07:16.225Z] GET /imagens_projeto_acougue/Carnes_Segunda/Costelinha.jpeg -> 304 (82ms)
[2026-04-02T00:07:16.253Z] GET /imagens_projeto_acougue/Carnes_Segunda/file_mignon.webp -> 304 (39ms)
[2026-04-02T00:07:16.280Z] GET /imagens_projeto_acougue/Carnes_Segunda/Panceta.jpeg -> 304 (20ms)
[2026-04-02T00:07:16.297Z] GET /imagens_projeto_acougue/Carnes_Segunda/Pernilc_osso.jpeg -> 304 (26ms)
[2026-04-02T00:07:16.308Z] GET /imagens_projeto_acougue/Carnes_Segunda/PernilS_osso.jpeg -> 304 (35ms)
[2026-04-02T00:07:16.319Z] GET /imagens_projeto_acougue/Carnes_Segunda/Lombo.jpeg -> 304 (44ms)
[2026-04-02T00:07:16.328Z] GET /imagens_projeto_acougue/Carnes_Segunda/Ling_Fina.jpeg -> 304 (52ms)
[2026-04-02T00:07:16.344Z] GET /imagens_projeto_acougue/Carnes_Segunda/Ling_Apim.jpeg -> 304 (68ms)
[2026-04-02T00:07:16.372Z] GET /imagens_projeto_acougue/Pasta_Frango/Coracao.jpeg -> 304 (9ms)
[2026-04-02T00:07:16.378Z] GET /imagens_projeto_acougue/Pasta_Frango/Coxa_sobre_coxa.jpeg -> 304 (14ms)
[2026-04-02T00:07:16.389Z] GET /imagens_projeto_acougue/Pasta_Frango/Coxinha.jpeg -> 304 (24ms)
[2026-04-02T00:07:16.396Z] GET /imagens_projeto_acougue/Pasta_Frango/PeitoC_osso.jpeg -> 304 (27ms)
[2026-04-02T00:07:16.407Z] GET /imagens_projeto_acougue/Pasta_Frango/PeitoS_osso.jpeg -> 304 (36ms)
[2026-04-02T00:07:16.414Z] GET /imagens_projeto_acougue/Pasta_Frango/Sobre_Coxa.jpeg -> 304 (42ms)
[2026-04-02T00:07:16.436Z] GET /imagens_projeto_acougue/Pasta_Frango/Tulipa.jpeg -> 304 (12ms)
[2026-04-02T00:07:16.444Z] GET /imagens_projeto_acougue/Pasta_Frango/moela.jpeg -> 304 (15ms)
[2026-04-02T00:07:16.454Z] GET /imagens_projeto_acougue/Pasta_Frango/figado.jpeg -> 304 (24ms)
[2026-04-02T00:07:16.461Z] GET /imagens_projeto_acougue/Pasta_Frango/pe.jpeg -> 304 (28ms)
[2026-04-02T00:07:16.470Z] GET /imagens_projeto_acougue/Rotisseria/Artroz_Grega.jpeg -> 304 (36ms)
[2026-04-02T00:07:16.485Z] GET /imagens_projeto_acougue/Rotisseria/Contra_assado.jpeg -> 304 (50ms)
[2026-04-02T00:07:16.499Z] GET /imagens_projeto_acougue/Rotisseria/maionese.jpeg -> 304 (8ms)
[2026-04-02T00:07:16.505Z] GET /imagens_projeto_acougue/Rotisseria/Picanha_assada.jpeg -> 304 (14ms)
[2026-04-02T00:07:16.509Z] GET /imagens_projeto_acougue/Conveniencia/Cerveja.jpeg -> 304 (17ms)
[2026-04-02T00:07:16.513Z] GET /imagens_projeto_acougue/Conveniencia/carvao.jpeg -> 304 (21ms)
[2026-04-02T00:14:08.318Z] GET /estoque/1 -> 401 (1ms)
[2026-04-02T00:14:17.303Z] GET /estoque/1 -> 401 (1ms)
[2026-04-05T03:32:39.973Z] GET /estoque/1 -> 200 (19ms)
[2026-04-05T03:32:40.079Z] GET /estoque -> 401 (2ms)
[2026-04-05T18:15:57.499Z] GET / -> 304 (40ms)
[2026-04-05T18:15:57.595Z] GET /style.css -> 304 (15ms)
[2026-04-05T18:15:57.733Z] GET /imagens_projeto_acougue/Apresentacao/imagem.logo.joia.jpeg.png -> 304 (149ms)
[2026-04-05T18:15:57.966Z] GET /imagens_projeto_acougue/Carrinho/car3.png -> 304 (380ms)
[2026-04-05T18:15:58.051Z] GET /imagens_projeto_acougue/Apresentacao/interna2.jpeg.jpeg -> 304 (320ms)
[2026-04-05T18:15:58.097Z] GET /config.js -> 304 (97ms)
[2026-04-05T18:15:58.115Z] GET /imagens_projeto_acougue/Apresentacao/interna1.jpeg.jpeg -> 304 (114ms)
[2026-04-05T18:15:58.149Z] GET /imagens_projeto_acougue/Apresentacao/imagemloja.jpeg.jpeg -> 304 (147ms)
[2026-04-05T18:15:58.183Z] GET /imagens_projeto_acougue/Apresentacao/interna3.jpeg.jpeg -> 304 (64ms)
[2026-04-05T18:15:58.230Z] GET /imagens_projeto_acougue/Apresentacao/interna4.jpeg.jpeg -> 304 (97ms)
[2026-04-05T18:15:58.235Z] GET /imagens_projeto_acougue/Apresentacao/interna5.jpeg -> 304 (20ms)
[2026-04-05T18:15:58.301Z] GET /imagens_projeto_acougue/Carne_Primeira/Picanha.jpeg -> 304 (18ms)
[2026-04-05T18:15:58.318Z] GET /imagens_projeto_acougue/Carne_Primeira/Contra-file.jpeg -> 304 (34ms)
[2026-04-05T18:15:58.335Z] GET /imagens_projeto_acougue/Carne_Primeira/Fraudinha.jpeg -> 304 (40ms)
[2026-04-05T18:15:58.349Z] GET /imagens_projeto_acougue/Carne_Primeira/Filet-mignon.Jpeg -> 304 (52ms)
[2026-04-05T18:15:58.364Z] GET /imagens_projeto_acougue/Carne_Primeira/maminha.jpeg -> 304 (79ms)
[2026-04-05T18:15:58.379Z] GET /java.Script.js -> 200 (160ms)
[2026-04-05T18:15:58.443Z] GET /imagens_projeto_acougue/Carne_Primeira/Costela-PA.jpeg -> 304 (29ms)
[2026-04-05T18:15:59.067Z] POST /produtos/sync-catalogo -> 401 (148ms)
[2026-04-05T18:15:59.212Z] GET /imagens_projeto_acougue/Carne_Primeira/Costela-Ripa.jpeg -> 304 (794ms)
[2026-04-05T18:15:59.216Z] GET /imagens_projeto_acougue/Carne_Primeira/Coxao-Duro.jpeg -> 304 (789ms)
[2026-04-05T18:15:59.229Z] GET /imagens_projeto_acougue/Carne_Primeira/Patinho.jpeg -> 304 (801ms)
[2026-04-05T18:15:59.283Z] GET /imagens_projeto_acougue/Carne_Primeira/Coxao-mole.jpeg -> 304 (865ms)
[2026-04-05T18:15:59.301Z] GET /imagens_projeto_acougue/Carne_Primeira/costelaRecheada.jpeg -> 304 (872ms)
[2026-04-05T18:15:59.464Z] GET /produtos -> 304 (97ms)
[2026-04-05T18:15:59.479Z] GET /imagens_projeto_acougue/Carnes_Segunda/Bisteca.jpeg -> 304 (113ms)
[2026-04-05T18:15:59.694Z] GET /imagens_projeto_acougue/Carnes_Segunda/Costelinha.jpeg -> 304 (264ms)
[2026-04-05T18:15:59.700Z] GET /imagens_projeto_acougue/Carnes_Segunda/file_mignon.webp -> 304 (267ms)
[2026-04-05T18:15:59.730Z] GET /imagens_projeto_acougue/Carnes_Segunda/Panceta.jpeg -> 304 (283ms)
[2026-04-05T18:15:59.766Z] GET /imagens_projeto_acougue/Carnes_Segunda/Pernilc_osso.jpeg -> 304 (318ms)
[2026-04-05T18:15:59.848Z] GET /imagens_projeto_acougue/Carnes_Segunda/PernilS_osso.jpeg -> 304 (69ms)
[2026-04-05T18:15:59.865Z] GET /imagens_projeto_acougue/Carnes_Segunda/Lombo.jpeg -> 304 (85ms)
[2026-04-05T18:15:59.881Z] GET /imagens_projeto_acougue/Carnes_Segunda/Ling_Fina.jpeg -> 304 (86ms)
[2026-04-05T18:15:59.899Z] GET /imagens_projeto_acougue/Carnes_Segunda/Ling_Apim.jpeg -> 304 (99ms)
[2026-04-05T18:15:59.915Z] GET /imagens_projeto_acougue/Pasta_Frango/Coracao.jpeg -> 304 (70ms)
[2026-04-05T18:15:59.932Z] GET /imagens_projeto_acougue/Pasta_Frango/Coxa_sobre_coxa.jpeg -> 304 (85ms)
[2026-04-05T18:15:59.966Z] GET /imagens_projeto_acougue/Pasta_Frango/Coxinha.jpeg -> 304 (17ms)
[2026-04-05T18:15:59.979Z] GET /imagens_projeto_acougue/Pasta_Frango/PeitoS_osso.jpeg -> 304 (17ms)
[2026-04-05T18:15:59.982Z] GET /imagens_projeto_acougue/Pasta_Frango/PeitoC_osso.jpeg -> 304 (20ms)
[2026-04-05T18:15:59.995Z] GET /imagens_projeto_acougue/Pasta_Frango/Sobre_Coxa.jpeg -> 304 (32ms)
[2026-04-05T18:16:00.033Z] GET /imagens_projeto_acougue/Pasta_Frango/Tulipa.jpeg -> 304 (69ms)
[2026-04-05T18:16:00.115Z] GET /imagens_projeto_acougue/Pasta_Frango/moela.jpeg -> 304 (150ms)
[2026-04-05T18:16:00.214Z] GET /imagens_projeto_acougue/Pasta_Frango/figado.jpeg -> 304 (33ms)
[2026-04-05T18:16:00.228Z] GET /imagens_projeto_acougue/Rotisseria/Artroz_Grega.jpeg -> 304 (46ms)
[2026-04-05T18:16:00.244Z] GET /imagens_projeto_acougue/Pasta_Frango/pe.jpeg -> 304 (62ms)
[2026-04-05T18:16:00.250Z] GET /imagens_projeto_acougue/Rotisseria/Contra_assado.jpeg -> 304 (53ms)
[2026-04-05T18:16:00.278Z] GET /imagens_projeto_acougue/Rotisseria/maionese.jpeg -> 304 (80ms)
[2026-04-05T18:16:00.295Z] GET /imagens_projeto_acougue/Rotisseria/Picanha_assada.jpeg -> 304 (84ms)
[2026-04-05T18:16:00.315Z] GET /imagens_projeto_acougue/Conveniencia/carvao.jpeg -> 304 (15ms)
[2026-04-05T18:16:00.361Z] GET /imagens_projeto_acougue/Conveniencia/Cerveja.jpeg -> 304 (51ms)
[2026-04-05T18:16:00.413Z] GET /favicon.ico -> 404 (15ms)
[2026-04-05T18:16:48.395Z] GET /admin -> 200 (14ms)
[2026-04-05T18:16:48.500Z] GET /config.js -> 304 (6ms)
[2026-04-05T18:16:51.933Z] POST /admin/login -> 401 (1ms)
[2026-04-05T18:17:06.980Z] POST /admin/login -> 200 (1ms)
[2026-04-05T18:17:07.029Z] GET /admin/dashboard-data -> 304 (6ms)
[2026-04-05T18:17:19.377Z] GET /admin/dashboard-data -> 304 (3ms)
[2026-04-05T18:17:49.369Z] GET /admin/dashboard-data -> 304 (6ms)
[2026-04-05T18:18:19.372Z] GET /admin/dashboard-data -> 304 (3ms)
[2026-04-05T18:18:49.817Z] GET /admin/dashboard-data -> 304 (2ms)
[2026-04-05T18:18:56.842Z] GET /estoque/1 -> 401 (1ms)
[2026-04-05T18:19:08.356Z] GET /estoque/1 -> 401 (1ms)
[2026-04-05T18:19:19.838Z] GET /admin/dashboard-data -> 304 (6ms)
[2026-04-05T18:19:49.820Z] GET /admin/dashboard-data -> 304 (1ms)
[2026-04-05T18:20:19.818Z] GET /admin/dashboard-data -> 304 (2ms)
[2026-04-05T18:20:54.839Z] GET /admin/dashboard-data -> 304 (11ms)
[2026-04-05T18:21:54.832Z] GET /admin/dashboard-data -> 304 (1ms)
[2026-04-05T18:22:04.356Z] GET / -> 304 (2ms)
[2026-04-05T18:22:04.448Z] GET /style.css -> 304 (9ms)
[2026-04-05T18:22:04.451Z] GET /config.js -> 304 (9ms)
[2026-04-05T18:22:04.632Z] GET /imagens_projeto_acougue/Carrinho/car3.png -> 304 (10ms)
[2026-04-05T18:22:04.639Z] GET /java.Script.js -> 304 (10ms)
[2026-04-05T18:22:04.800Z] GET /imagens_projeto_acougue/Apresentacao/interna2.jpeg.jpeg -> 304 (176ms)
[2026-04-05T18:22:04.802Z] GET /imagens_projeto_acougue/Apresentacao/interna1.jpeg.jpeg -> 304 (168ms)
[2026-04-05T18:22:04.804Z] GET /imagens_projeto_acougue/Apresentacao/interna5.jpeg -> 304 (176ms)
[2026-04-05T18:22:04.808Z] GET /imagens_projeto_acougue/Apresentacao/imagemloja.jpeg.jpeg -> 304 (178ms)
[2026-04-05T18:22:04.820Z] GET /imagens_projeto_acougue/Apresentacao/interna4.jpeg.jpeg -> 304 (21ms)
[2026-04-05T18:22:04.830Z] GET /imagens_projeto_acougue/Carne_Primeira/Fraudinha.jpeg -> 304 (16ms)
[2026-04-05T18:22:04.835Z] GET /imagens_projeto_acougue/Carne_Primeira/Filet-mignon.Jpeg -> 304 (20ms)
[2026-04-05T18:22:04.836Z] GET /imagens_projeto_acougue/Apresentacao/interna3.jpeg.jpeg -> 304 (23ms)
[2026-04-05T18:22:04.903Z] POST /produtos/sync-catalogo -> 401 (1ms)
[2026-04-05T18:22:04.998Z] GET /imagens_projeto_acougue/Carne_Primeira/Costela-PA.jpeg -> 304 (183ms)
[2026-04-05T18:22:05.037Z] GET /imagens_projeto_acougue/Carne_Primeira/Contra-file.jpeg -> 304 (215ms)
[2026-04-05T18:22:05.097Z] GET /imagens_projeto_acougue/Carne_Primeira/maminha.jpeg -> 304 (266ms)
[2026-04-05T18:22:05.100Z] GET /imagens_projeto_acougue/Carne_Primeira/Picanha.jpeg -> 304 (262ms)
[2026-04-05T18:22:05.116Z] GET /imagens_projeto_acougue/Apresentacao/imagem.logo.joia.jpeg.png -> 304 (487ms)
[2026-04-05T18:22:05.238Z] GET /produtos -> 304 (117ms)
[2026-04-05T18:22:05.469Z] GET /imagens_projeto_acougue/Carne_Primeira/Costela-Ripa.jpeg -> 304 (347ms)
[2026-04-05T18:22:05.482Z] GET /imagens_projeto_acougue/Carne_Primeira/Coxao-mole.jpeg -> 304 (350ms)
[2026-04-05T18:22:05.503Z] GET /imagens_projeto_acougue/Carne_Primeira/Coxao-Duro.jpeg -> 304 (370ms)
[2026-04-05T18:22:05.519Z] GET /imagens_projeto_acougue/Carne_Primeira/costelaRecheada.jpeg -> 304 (383ms)
[2026-04-05T18:22:05.537Z] GET /imagens_projeto_acougue/Carne_Primeira/Patinho.jpeg -> 304 (400ms)
[2026-04-05T18:22:05.687Z] GET /imagens_projeto_acougue/Carnes_Segunda/Panceta.jpeg -> 304 (117ms)
[2026-04-05T18:22:05.704Z] GET /imagens_projeto_acougue/Carnes_Segunda/Costelinha.jpeg -> 304 (138ms)
[2026-04-05T18:22:05.721Z] GET /imagens_projeto_acougue/Carnes_Segunda/Bisteca.jpeg -> 304 (166ms)
[2026-04-05T18:22:05.736Z] GET /imagens_projeto_acougue/Carnes_Segunda/file_mignon.webp -> 304 (168ms)
[2026-04-05T18:22:05.749Z] GET /imagens_projeto_acougue/Carnes_Segunda/Pernilc_osso.jpeg -> 304 (179ms)
[2026-04-05T18:22:05.754Z] GET /imagens_projeto_acougue/Carnes_Segunda/PernilS_osso.jpeg -> 304 (86ms)
[2026-04-05T18:22:05.850Z] GET /imagens_projeto_acougue/Carnes_Segunda/Lombo.jpeg -> 304 (97ms)
[2026-04-05T18:22:05.853Z] GET /imagens_projeto_acougue/Carnes_Segunda/Ling_Fina.jpeg -> 304 (82ms)
[2026-04-05T18:22:05.882Z] GET /imagens_projeto_acougue/Carnes_Segunda/Ling_Apim.jpeg -> 304 (95ms)
[2026-04-05T18:22:05.884Z] GET /imagens_projeto_acougue/Pasta_Frango/Coracao.jpeg -> 304 (51ms)
[2026-04-05T18:22:05.895Z] GET /imagens_projeto_acougue/Pasta_Frango/Coxa_sobre_coxa.jpeg -> 304 (60ms)
[2026-04-05T18:22:05.934Z] GET /imagens_projeto_acougue/Pasta_Frango/Coxinha.jpeg -> 304 (99ms)
[2026-04-05T18:22:05.963Z] GET /imagens_projeto_acougue/Pasta_Frango/PeitoC_osso.jpeg -> 304 (26ms)
[2026-04-05T18:22:05.968Z] GET /imagens_projeto_acougue/Pasta_Frango/PeitoS_osso.jpeg -> 304 (20ms)
[2026-04-05T18:22:05.987Z] GET /imagens_projeto_acougue/Pasta_Frango/Sobre_Coxa.jpeg -> 304 (39ms)
[2026-04-05T18:22:06.001Z] GET /imagens_projeto_acougue/Pasta_Frango/moela.jpeg -> 304 (49ms)
[2026-04-05T18:22:06.003Z] GET /imagens_projeto_acougue/Pasta_Frango/Tulipa.jpeg -> 304 (52ms)
[2026-04-05T18:22:06.035Z] GET /imagens_projeto_acougue/Pasta_Frango/figado.jpeg -> 304 (81ms)
[2026-04-05T18:22:06.066Z] GET /imagens_projeto_acougue/Pasta_Frango/pe.jpeg -> 304 (22ms)
[2026-04-05T18:22:06.069Z] GET /imagens_projeto_acougue/Rotisseria/Artroz_Grega.jpeg -> 304 (23ms)
[2026-04-05T18:22:06.083Z] GET /imagens_projeto_acougue/Rotisseria/Contra_assado.jpeg -> 304 (34ms)
[2026-04-05T18:22:06.104Z] GET /imagens_projeto_acougue/Rotisseria/maionese.jpeg -> 304 (52ms)
[2026-04-05T18:22:06.120Z] GET /imagens_projeto_acougue/Rotisseria/Picanha_assada.jpeg -> 304 (68ms)
[2026-04-05T18:22:06.152Z] GET /imagens_projeto_acougue/Conveniencia/carvao.jpeg -> 304 (87ms)
[2026-04-05T18:22:06.154Z] GET /imagens_projeto_acougue/Conveniencia/Cerveja.jpeg -> 304 (17ms)
[2026-04-05T18:22:10.178Z] GET /estoque/1 -> 401 (1ms)
[2026-04-05T18:22:14.822Z] GET /estoque/1 -> 401 (1ms)
[2026-04-05T18:22:54.990Z] GET /admin/dashboard-data -> 304 (2ms)
[2026-04-05T18:23:26.451Z] GET / -> 200 (3ms)
[2026-04-05T18:24:53.540Z] GET / -> 200 (71ms)
[2026-04-05T18:25:37.358Z] GET / -> 304 (6ms)
[2026-04-05T18:25:37.631Z] GET /imagens_projeto_acougue/Carrinho/car3.png -> 304 (56ms)
[2026-04-05T18:25:37.767Z] GET /imagens_projeto_acougue/Apresentacao/imagem.logo.joia.jpeg.png -> 304 (190ms)
[2026-04-05T18:25:37.827Z] GET /style.css -> 304 (58ms)
[2026-04-05T18:25:37.829Z] GET /config.js -> 304 (54ms)
[2026-04-05T18:25:37.837Z] GET /imagens_projeto_acougue/Apresentacao/interna1.jpeg.jpeg -> 304 (60ms)
[2026-04-05T18:25:37.848Z] GET /imagens_projeto_acougue/Apresentacao/imagemloja.jpeg.jpeg -> 304 (70ms)
[2026-04-05T18:25:38.004Z] GET /imagens_projeto_acougue/Apresentacao/interna3.jpeg.jpeg -> 304 (15ms)
[2026-04-05T18:25:38.116Z] GET /imagens_projeto_acougue/Apresentacao/interna2.jpeg.jpeg -> 304 (340ms)
[2026-04-05T18:25:38.382Z] GET /imagens_projeto_acougue/Carne_Primeira/Contra-file.jpeg -> 304 (380ms)
[2026-04-05T18:25:38.416Z] GET /imagens_projeto_acougue/Apresentacao/interna5.jpeg -> 304 (426ms)
[2026-04-05T18:25:38.451Z] GET /imagens_projeto_acougue/Apresentacao/interna4.jpeg.jpeg -> 304 (463ms)
[2026-04-05T18:25:38.534Z] GET /imagens_projeto_acougue/Carne_Primeira/Picanha.jpeg -> 304 (9ms)
[2026-04-05T18:25:38.547Z] GET /imagens_projeto_acougue/Carne_Primeira/maminha.jpeg -> 304 (20ms)
[2026-04-05T18:25:38.561Z] GET /imagens_projeto_acougue/Carne_Primeira/Fraudinha.jpeg -> 304 (33ms)
[2026-04-05T18:25:38.580Z] GET /imagens_projeto_acougue/Carne_Primeira/Filet-mignon.Jpeg -> 304 (50ms)
[2026-04-05T18:25:38.601Z] GET /java.Script.js -> 200 (626ms)
[2026-04-05T18:25:38.693Z] GET /imagens_projeto_acougue/Carne_Primeira/Costela-PA.jpeg -> 304 (126ms)
[2026-04-05T18:25:38.700Z] GET /imagens_projeto_acougue/Carne_Primeira/Costela-Ripa.jpeg -> 304 (17ms)
[2026-04-05T18:25:38.712Z] GET /imagens_projeto_acougue/Carne_Primeira/Coxao-mole.jpeg -> 304 (29ms)
[2026-04-05T18:25:38.715Z] GET /imagens_projeto_acougue/Carne_Primeira/Coxao-Duro.jpeg -> 304 (31ms)
[2026-04-05T18:25:38.845Z] POST /produtos/sync-catalogo -> 401 (4ms)
[2026-04-05T18:25:38.848Z] GET /imagens_projeto_acougue/Carne_Primeira/Patinho.jpeg -> 304 (150ms)
[2026-04-05T18:25:38.851Z] GET /imagens_projeto_acougue/Carne_Primeira/costelaRecheada.jpeg -> 304 (152ms)
[2026-04-05T18:25:38.899Z] GET /imagens_projeto_acougue/Carnes_Segunda/Bisteca.jpeg -> 304 (31ms)
[2026-04-05T18:25:38.917Z] GET /imagens_projeto_acougue/Carnes_Segunda/Costelinha.jpeg -> 304 (38ms)
[2026-04-05T18:25:38.930Z] GET /imagens_projeto_acougue/Carnes_Segunda/file_mignon.webp -> 304 (48ms)
[2026-04-05T18:25:38.943Z] GET /imagens_projeto_acougue/Carnes_Segunda/Panceta.jpeg -> 304 (60ms)
[2026-04-05T18:25:38.949Z] GET /produtos -> 304 (55ms)
[2026-04-05T18:25:38.984Z] GET /imagens_projeto_acougue/Carnes_Segunda/Pernilc_osso.jpeg -> 304 (90ms)
[2026-04-05T18:25:39.063Z] GET /imagens_projeto_acougue/Carnes_Segunda/PernilS_osso.jpeg -> 304 (99ms)
[2026-04-05T18:25:39.072Z] GET /imagens_projeto_acougue/Carnes_Segunda/Lombo.jpeg -> 304 (72ms)
[2026-04-05T18:25:39.096Z] GET /imagens_projeto_acougue/Carnes_Segunda/Ling_Fina.jpeg -> 304 (95ms)
[2026-04-05T18:25:39.101Z] GET /imagens_projeto_acougue/Carnes_Segunda/Ling_Apim.jpeg -> 304 (86ms)
[2026-04-05T18:25:39.125Z] GET /imagens_projeto_acougue/Pasta_Frango/Coracao.jpeg -> 304 (92ms)
[2026-04-05T18:25:39.150Z] GET /imagens_projeto_acougue/Pasta_Frango/Coxa_sobre_coxa.jpeg -> 304 (17ms)
[2026-04-05T18:25:39.166Z] GET /imagens_projeto_acougue/Pasta_Frango/Coxinha.jpeg -> 304 (25ms)
[2026-04-05T18:25:39.196Z] GET /imagens_projeto_acougue/Pasta_Frango/PeitoC_osso.jpeg -> 304 (54ms)
[2026-04-05T18:25:39.200Z] GET /imagens_projeto_acougue/Pasta_Frango/PeitoS_osso.jpeg -> 304 (56ms)
[2026-04-05T18:25:39.217Z] GET /imagens_projeto_acougue/Pasta_Frango/Sobre_Coxa.jpeg -> 304 (71ms)
[2026-04-05T18:25:39.231Z] GET /imagens_projeto_acougue/Pasta_Frango/Tulipa.jpeg -> 304 (83ms)
[2026-04-05T18:25:39.267Z] GET /imagens_projeto_acougue/Pasta_Frango/moela.jpeg -> 304 (21ms)
[2026-04-05T18:25:39.278Z] GET /imagens_projeto_acougue/Pasta_Frango/figado.jpeg -> 304 (31ms)
[2026-04-05T18:25:39.340Z] GET /imagens_projeto_acougue/Pasta_Frango/pe.jpeg -> 304 (86ms)
[2026-04-05T18:25:39.343Z] GET /imagens_projeto_acougue/Rotisseria/Artroz_Grega.jpeg -> 304 (93ms)
[2026-04-05T18:25:39.346Z] GET /imagens_projeto_acougue/Rotisseria/Contra_assado.jpeg -> 304 (84ms)
[2026-04-05T18:25:39.364Z] GET /imagens_projeto_acougue/Rotisseria/maionese.jpeg -> 304 (102ms)
[2026-04-05T18:25:39.383Z] GET /imagens_projeto_acougue/Rotisseria/Picanha_assada.jpeg -> 304 (4ms)
[2026-04-05T18:25:39.399Z] GET /imagens_projeto_acougue/Conveniencia/carvao.jpeg -> 304 (19ms)
[2026-04-05T18:25:39.406Z] GET /imagens_projeto_acougue/Conveniencia/Cerveja.jpeg -> 304 (26ms)
[2026-04-05T18:25:47.423Z] GET /estoque/1 -> 401 (4ms)
[2026-04-05T18:28:54.051Z] GET / -> 304 (28ms)
[2026-04-05T18:28:54.133Z] GET /imagens_projeto_acougue/Carrinho/car3.png -> 304 (12ms)
[2026-04-05T18:28:54.145Z] GET /style.css -> 304 (17ms)
[2026-04-05T18:28:54.155Z] GET /config.js -> 304 (26ms)
[2026-04-05T18:28:54.163Z] GET /imagens_projeto_acougue/Apresentacao/imagem.logo.joia.jpeg.png -> 304 (41ms)
[2026-04-05T18:28:54.188Z] GET /imagens_projeto_acougue/Apresentacao/interna2.jpeg.jpeg -> 304 (56ms)
[2026-04-05T18:28:54.252Z] GET /imagens_projeto_acougue/Apresentacao/imagemloja.jpeg.jpeg -> 304 (121ms)
[2026-04-05T18:28:54.304Z] GET /imagens_projeto_acougue/Apresentacao/interna1.jpeg.jpeg -> 304 (143ms)
[2026-04-05T18:28:54.315Z] GET /java.Script.js -> 304 (18ms)
[2026-04-05T18:28:54.328Z] GET /imagens_projeto_acougue/Apresentacao/interna3.jpeg.jpeg -> 304 (29ms)
[2026-04-05T18:28:54.355Z] GET /imagens_projeto_acougue/Apresentacao/interna5.jpeg -> 304 (35ms)
[2026-04-05T18:28:54.431Z] GET /imagens_projeto_acougue/Apresentacao/interna4.jpeg.jpeg -> 304 (110ms)
[2026-04-05T18:28:54.437Z] GET /imagens_projeto_acougue/Carne_Primeira/Contra-file.jpeg -> 304 (115ms)
[2026-04-05T18:28:54.455Z] GET /imagens_projeto_acougue/Carne_Primeira/maminha.jpeg -> 304 (116ms)
[2026-04-05T18:28:54.602Z] GET /imagens_projeto_acougue/Carne_Primeira/Filet-mignon.Jpeg -> 304 (255ms)
[2026-04-05T18:28:54.672Z] GET /imagens_projeto_acougue/Carne_Primeira/Picanha.jpeg -> 304 (327ms)
[2026-04-05T18:28:54.846Z] POST /produtos/sync-catalogo -> 401 (9ms)
[2026-04-05T18:28:54.863Z] GET /imagens_projeto_acougue/Carne_Primeira/Costela-PA.jpeg -> 304 (110ms)
[2026-04-05T18:28:54.900Z] GET /imagens_projeto_acougue/Carne_Primeira/Fraudinha.jpeg -> 304 (146ms)
[2026-04-05T18:28:54.912Z] GET /imagens_projeto_acougue/Carne_Primeira/Coxao-Duro.jpeg -> 304 (58ms)
[2026-04-05T18:28:54.919Z] GET /imagens_projeto_acougue/Carne_Primeira/Coxao-mole.jpeg -> 304 (65ms)
[2026-04-05T18:28:54.921Z] GET /imagens_projeto_acougue/Carne_Primeira/Costela-Ripa.jpeg -> 304 (68ms)
[2026-04-05T18:28:54.936Z] GET /imagens_projeto_acougue/Carne_Primeira/Patinho.jpeg -> 304 (77ms)
[2026-04-05T18:28:54.949Z] GET /produtos -> 304 (39ms)
[2026-04-05T18:28:54.962Z] GET /imagens_projeto_acougue/Carne_Primeira/costelaRecheada.jpeg -> 304 (23ms)
[2026-04-05T18:28:54.968Z] GET /imagens_projeto_acougue/Carnes_Segunda/Costelinha.jpeg -> 304 (15ms)
[2026-04-05T18:28:54.978Z] GET /imagens_projeto_acougue/Carnes_Segunda/file_mignon.webp -> 304 (24ms)
[2026-04-05T18:28:54.985Z] GET /imagens_projeto_acougue/Carnes_Segunda/Bisteca.jpeg -> 304 (33ms)
[2026-04-05T18:28:54.987Z] GET /imagens_projeto_acougue/Carnes_Segunda/Panceta.jpeg -> 304 (28ms)
[2026-04-05T18:28:55.047Z] GET /imagens_projeto_acougue/Carnes_Segunda/Pernilc_osso.jpeg -> 304 (80ms)
[2026-04-05T18:28:55.071Z] GET /imagens_projeto_acougue/Carnes_Segunda/PernilS_osso.jpeg -> 304 (26ms)
[2026-04-05T18:28:55.120Z] GET /imagens_projeto_acougue/Carnes_Segunda/Lombo.jpeg -> 304 (71ms)
[2026-04-05T18:28:55.154Z] GET /imagens_projeto_acougue/Carnes_Segunda/Ling_Apim.jpeg -> 304 (102ms)
[2026-04-05T18:28:55.183Z] GET /imagens_projeto_acougue/Pasta_Frango/Coracao.jpeg -> 304 (121ms)
[2026-04-05T18:28:55.218Z] GET /imagens_projeto_acougue/Carnes_Segunda/Ling_Fina.jpeg -> 304 (168ms)
[2026-04-05T18:28:55.285Z] GET /imagens_projeto_acougue/Pasta_Frango/Coxa_sobre_coxa.jpeg -> 304 (83ms)
[2026-04-05T18:28:55.296Z] GET /imagens_projeto_acougue/Pasta_Frango/Coxinha.jpeg -> 304 (47ms)
[2026-04-05T18:28:55.303Z] GET /imagens_projeto_acougue/Pasta_Frango/PeitoC_osso.jpeg -> 304 (51ms)
[2026-04-05T18:28:55.321Z] GET /imagens_projeto_acougue/Pasta_Frango/PeitoS_osso.jpeg -> 304 (67ms)
[2026-04-05T18:28:55.397Z] GET /imagens_projeto_acougue/Pasta_Frango/Sobre_Coxa.jpeg -> 304 (115ms)
[2026-04-05T18:28:55.402Z] GET /imagens_projeto_acougue/Pasta_Frango/Tulipa.jpeg -> 304 (49ms)
[2026-04-05T18:28:55.419Z] GET /imagens_projeto_acougue/Pasta_Frango/moela.jpeg -> 304 (5ms)
[2026-04-05T18:28:55.430Z] GET /imagens_projeto_acougue/Pasta_Frango/figado.jpeg -> 304 (15ms)
[2026-04-05T18:28:55.433Z] GET /imagens_projeto_acougue/Pasta_Frango/pe.jpeg -> 304 (17ms)
[2026-04-05T18:28:55.445Z] GET /imagens_projeto_acougue/Rotisseria/maionese.jpeg -> 304 (27ms)
[2026-04-05T18:28:55.450Z] GET /imagens_projeto_acougue/Rotisseria/Contra_assado.jpeg -> 304 (33ms)
[2026-04-05T18:28:55.453Z] GET /imagens_projeto_acougue/Rotisseria/Artroz_Grega.jpeg -> 304 (36ms)
[2026-04-05T18:28:55.463Z] GET /imagens_projeto_acougue/Rotisseria/Picanha_assada.jpeg -> 304 (26ms)
[2026-04-05T18:28:55.466Z] GET /imagens_projeto_acougue/Conveniencia/Cerveja.jpeg -> 304 (4ms)
[2026-04-05T18:28:55.469Z] GET /imagens_projeto_acougue/Conveniencia/carvao.jpeg -> 304 (7ms)
[2026-04-05T18:29:02.506Z] GET /estoque/1 -> 200 (2ms)
[2026-04-05T18:29:43.708Z] GET /estoque/1 -> 304 (3ms)
[2026-04-05T18:29:43.740Z] POST /pedidos -> 201 (19ms)
[2026-04-05T18:33:15.876Z] GET /admin/dashboard-data -> 200 (15ms)
[2026-04-05T18:33:19.369Z] GET /admin/dashboard-data -> 304 (2ms)
[2026-04-05T18:33:49.360Z] GET /admin/dashboard-data -> 304 (2ms)
[2026-04-05T18:34:19.357Z] GET /admin/dashboard-data -> 304 (2ms)
[2026-04-05T18:34:49.373Z] GET /admin/dashboard-data -> 304 (6ms)
[2026-04-05T18:35:19.364Z] GET /admin/dashboard-data -> 304 (3ms)
[2026-04-05T18:35:49.365Z] GET /admin/dashboard-data -> 304 (3ms)
[2026-04-05T18:36:19.361Z] GET /admin/dashboard-data -> 304 (2ms)
[2026-04-05T18:36:33.922Z] PATCH /admin/estoque/2 -> 200 (2ms)
[2026-04-05T18:36:33.928Z] PATCH /admin/preco/2 -> 200 (3ms)
[2026-04-05T18:36:34.447Z] GET /admin/dashboard-data -> 200 (6ms)
[2026-04-05T18:36:47.026Z] GET / -> 304 (2ms)
[2026-04-05T18:36:47.130Z] GET /imagens_projeto_acougue/Apresentacao/interna2.jpeg.jpeg -> 304 (17ms)
[2026-04-05T18:36:47.151Z] GET /style.css -> 304 (7ms)
[2026-04-05T18:36:47.166Z] GET /config.js -> 304 (18ms)
[2026-04-05T18:36:47.253Z] GET /imagens_projeto_acougue/Apresentacao/interna1.jpeg.jpeg -> 304 (103ms)
[2026-04-05T18:36:47.289Z] GET /imagens_projeto_acougue/Apresentacao/imagemloja.jpeg.jpeg -> 304 (142ms)
[2026-04-05T18:36:47.341Z] GET /imagens_projeto_acougue/Apresentacao/imagem.logo.joia.jpeg.png -> 304 (192ms)
[2026-04-05T18:36:47.358Z] GET /imagens_projeto_acougue/Carrinho/car3.png -> 304 (209ms)
[2026-04-05T18:36:47.422Z] GET /java.Script.js -> 304 (35ms)
[2026-04-05T18:36:47.508Z] GET /imagens_projeto_acougue/Apresentacao/interna3.jpeg.jpeg -> 304 (120ms)
[2026-04-05T18:36:47.524Z] GET /imagens_projeto_acougue/Apresentacao/interna5.jpeg -> 304 (135ms)
[2026-04-05T18:36:47.538Z] GET /imagens_projeto_acougue/Apresentacao/interna4.jpeg.jpeg -> 304 (135ms)
[2026-04-05T18:36:47.541Z] GET /imagens_projeto_acougue/Carne_Primeira/maminha.jpeg -> 304 (136ms)
[2026-04-05T18:36:47.557Z] GET /imagens_projeto_acougue/Carne_Primeira/Picanha.jpeg -> 304 (150ms)
[2026-04-05T18:36:47.571Z] POST /produtos/sync-catalogo -> 401 (0ms)
[2026-04-05T18:36:47.607Z] GET /imagens_projeto_acougue/Carne_Primeira/Contra-file.jpeg -> 304 (38ms)
[2026-04-05T18:36:47.618Z] GET /imagens_projeto_acougue/Carne_Primeira/Fraudinha.jpeg -> 304 (16ms)
[2026-04-05T18:36:47.621Z] GET /imagens_projeto_acougue/Carne_Primeira/Coxao-mole.jpeg -> 304 (17ms)
[2026-04-05T18:36:47.623Z] GET /imagens_projeto_acougue/Carne_Primeira/Filet-mignon.Jpeg -> 304 (19ms)
[2026-04-05T18:36:47.638Z] GET /imagens_projeto_acougue/Carne_Primeira/Costela-PA.jpeg -> 304 (33ms)
[2026-04-05T18:36:47.647Z] GET /imagens_projeto_acougue/Carne_Primeira/Costela-Ripa.jpeg -> 304 (41ms)
[2026-04-05T18:36:47.672Z] GET /produtos -> 200 (17ms)
[2026-04-05T18:36:47.685Z] GET /imagens_projeto_acougue/Carne_Primeira/Coxao-Duro.jpeg -> 304 (29ms)
[2026-04-05T18:36:47.691Z] GET /imagens_projeto_acougue/Carne_Primeira/Patinho.jpeg -> 304 (35ms)
[2026-04-05T18:36:47.703Z] GET /imagens_projeto_acougue/Carne_Primeira/costelaRecheada.jpeg -> 304 (46ms)
[2026-04-05T18:36:47.721Z] GET /imagens_projeto_acougue/Carnes_Segunda/Costelinha.jpeg -> 304 (63ms)
[2026-04-05T18:36:47.724Z] GET /imagens_projeto_acougue/Carnes_Segunda/Bisteca.jpeg -> 304 (67ms)
[2026-04-05T18:36:47.755Z] GET /imagens_projeto_acougue/Carnes_Segunda/file_mignon.webp -> 304 (18ms)
[2026-04-05T18:36:47.771Z] GET /imagens_projeto_acougue/Carnes_Segunda/Panceta.jpeg -> 304 (32ms)
[2026-04-05T18:36:47.774Z] GET /imagens_projeto_acougue/Carnes_Segunda/Pernilc_osso.jpeg -> 304 (34ms)
[2026-04-05T18:36:47.791Z] GET /imagens_projeto_acougue/Carnes_Segunda/PernilS_osso.jpeg -> 304 (42ms)
[2026-04-05T18:36:47.807Z] GET /imagens_projeto_acougue/Carnes_Segunda/Lombo.jpeg -> 304 (58ms)
[2026-04-05T18:36:47.838Z] GET /imagens_projeto_acougue/Carnes_Segunda/Ling_Fina.jpeg -> 304 (88ms)
[2026-04-05T18:36:47.871Z] GET /imagens_projeto_acougue/Pasta_Frango/Coracao.jpeg -> 304 (30ms)
[2026-04-05T18:36:47.874Z] GET /imagens_projeto_acougue/Carnes_Segunda/Ling_Apim.jpeg -> 304 (34ms)
[2026-04-05T18:36:47.889Z] GET /imagens_projeto_acougue/Pasta_Frango/Coxinha.jpeg -> 304 (33ms)
[2026-04-05T18:36:47.903Z] GET /imagens_projeto_acougue/Pasta_Frango/Coxa_sobre_coxa.jpeg -> 304 (47ms)
[2026-04-05T18:36:47.905Z] GET /imagens_projeto_acougue/Pasta_Frango/PeitoC_osso.jpeg -> 304 (49ms)
[2026-04-05T18:36:47.919Z] GET /imagens_projeto_acougue/Pasta_Frango/PeitoS_osso.jpeg -> 304 (62ms)
[2026-04-05T18:36:47.936Z] GET /imagens_projeto_acougue/Pasta_Frango/moela.jpeg -> 304 (14ms)
[2026-04-05T18:36:47.952Z] GET /imagens_projeto_acougue/Pasta_Frango/Tulipa.jpeg -> 304 (31ms)
[2026-04-05T18:36:48.023Z] GET /imagens_projeto_acougue/Pasta_Frango/Sobre_Coxa.jpeg -> 304 (102ms)
[2026-04-05T18:36:48.039Z] GET /imagens_projeto_acougue/Pasta_Frango/pe.jpeg -> 304 (116ms)
[2026-04-05T18:36:48.054Z] GET /imagens_projeto_acougue/Pasta_Frango/figado.jpeg -> 304 (131ms)
[2026-04-05T18:36:48.057Z] GET /imagens_projeto_acougue/Rotisseria/Artroz_Grega.jpeg -> 304 (133ms)
[2026-04-05T18:36:48.102Z] GET /imagens_projeto_acougue/Rotisseria/Contra_assado.jpeg -> 304 (65ms)
[2026-04-05T18:36:48.119Z] GET /imagens_projeto_acougue/Rotisseria/maionese.jpeg -> 304 (30ms)
[2026-04-05T18:36:48.137Z] GET /imagens_projeto_acougue/Rotisseria/Picanha_assada.jpeg -> 304 (47ms)
[2026-04-05T18:36:48.149Z] GET /imagens_projeto_acougue/Conveniencia/carvao.jpeg -> 304 (44ms)
[2026-04-05T18:36:48.154Z] GET /imagens_projeto_acougue/Conveniencia/Cerveja.jpeg -> 304 (48ms)
[2026-04-05T18:36:49.814Z] GET /admin/dashboard-data -> 304 (2ms)
[2026-04-05T18:37:19.829Z] GET /admin/dashboard-data -> 304 (8ms)
[2026-04-05T18:37:54.852Z] GET /admin/dashboard-data -> 304 (2ms)
[2026-04-05T18:42:00.373Z] GET / -> 200 (19ms)
[2026-04-05T18:42:00.521Z] GET /imagens_projeto_acougue/Carrinho/car3.png -> 304 (78ms)
[2026-04-05T18:42:00.639Z] GET /config.js -> 304 (189ms)
[2026-04-05T18:42:00.658Z] GET /style.css -> 200 (214ms)
[2026-04-05T18:42:00.806Z] GET /imagens_projeto_acougue/Apresentacao/interna2.jpeg.jpeg -> 304 (358ms)
[2026-04-05T18:42:00.875Z] GET /imagens_projeto_acougue/Apresentacao/imagem.logo.joia.jpeg.png -> 304 (427ms)
[2026-04-05T18:42:00.894Z] GET /imagens_projeto_acougue/Apresentacao/imagemloja.jpeg.jpeg -> 304 (445ms)
[2026-04-05T18:42:00.958Z] GET /imagens_projeto_acougue/Apresentacao/interna1.jpeg.jpeg -> 304 (153ms)
[2026-04-05T18:42:00.994Z] GET /java.Script.js -> 304 (65ms)
[2026-04-05T18:42:01.027Z] GET /imagens_projeto_acougue/Apresentacao/interna3.jpeg.jpeg -> 304 (85ms)
[2026-04-05T18:42:01.079Z] GET /imagens_projeto_acougue/Apresentacao/interna5.jpeg -> 304 (136ms)
[2026-04-05T18:42:01.105Z] POST /produtos/sync-catalogo -> 401 (1ms)
[2026-04-05T18:42:01.112Z] GET /imagens_projeto_acougue/Apresentacao/interna4.jpeg.jpeg -> 304 (34ms)
[2026-04-05T18:42:01.121Z] GET /imagens_projeto_acougue/Carne_Primeira/Contra-file.jpeg -> 304 (43ms)
[2026-04-05T18:42:01.124Z] GET /imagens_projeto_acougue/Carne_Primeira/Picanha.jpeg -> 304 (29ms)
[2026-04-05T18:42:01.127Z] GET /imagens_projeto_acougue/Carne_Primeira/maminha.jpeg -> 304 (24ms)
[2026-04-05T18:42:01.139Z] GET /imagens_projeto_acougue/Carne_Primeira/Filet-mignon.Jpeg -> 304 (29ms)
[2026-04-05T18:42:01.142Z] GET /imagens_projeto_acougue/Carne_Primeira/Fraudinha.jpeg -> 304 (31ms)
[2026-04-05T18:42:01.145Z] GET /produtos -> 304 (6ms)
[2026-04-05T18:42:01.171Z] GET /imagens_projeto_acougue/Carne_Primeira/Costela-PA.jpeg -> 304 (16ms)
[2026-04-05T18:42:01.175Z] GET /imagens_projeto_acougue/Carne_Primeira/Costela-Ripa.jpeg -> 304 (19ms)
[2026-04-05T18:42:01.179Z] GET /imagens_projeto_acougue/Carne_Primeira/Coxao-mole.jpeg -> 304 (20ms)
[2026-04-05T18:42:01.191Z] GET /imagens_projeto_acougue/Carne_Primeira/Coxao-Duro.jpeg -> 304 (31ms)
[2026-04-05T18:42:01.195Z] GET /imagens_projeto_acougue/Carne_Primeira/Patinho.jpeg -> 304 (34ms)
[2026-04-05T18:42:01.207Z] GET /imagens_projeto_acougue/Carne_Primeira/costelaRecheada.jpeg -> 304 (45ms)
[2026-04-05T18:42:01.240Z] GET /imagens_projeto_acougue/Carnes_Segunda/Costelinha.jpeg -> 304 (28ms)
[2026-04-05T18:42:01.244Z] GET /imagens_projeto_acougue/Carnes_Segunda/Bisteca.jpeg -> 304 (32ms)
[2026-04-05T18:42:01.256Z] GET /imagens_projeto_acougue/Carnes_Segunda/file_mignon.webp -> 304 (30ms)
[2026-04-05T18:42:01.258Z] GET /imagens_projeto_acougue/Carnes_Segunda/Panceta.jpeg -> 304 (31ms)
[2026-04-05T18:42:01.262Z] GET /imagens_projeto_acougue/Carnes_Segunda/Pernilc_osso.jpeg -> 304 (35ms)
[2026-04-05T18:42:01.274Z] GET /imagens_projeto_acougue/Carnes_Segunda/PernilS_osso.jpeg -> 304 (45ms)
[2026-04-05T18:42:01.291Z] GET /imagens_projeto_acougue/Carnes_Segunda/Lombo.jpeg -> 304 (14ms)
[2026-04-05T18:42:01.294Z] GET /imagens_projeto_acougue/Carnes_Segunda/Ling_Fina.jpeg -> 304 (16ms)
[2026-04-05T18:42:01.306Z] GET /imagens_projeto_acougue/Carnes_Segunda/Ling_Apim.jpeg -> 304 (19ms)
[2026-04-05T18:42:01.308Z] GET /imagens_projeto_acougue/Pasta_Frango/Coracao.jpeg -> 304 (20ms)
[2026-04-05T18:42:01.311Z] GET /imagens_projeto_acougue/Pasta_Frango/Coxa_sobre_coxa.jpeg -> 304 (22ms)
[2026-04-05T18:42:01.322Z] GET /imagens_projeto_acougue/Pasta_Frango/Coxinha.jpeg -> 304 (33ms)
[2026-04-05T18:42:01.338Z] GET /imagens_projeto_acougue/Pasta_Frango/PeitoC_osso.jpeg -> 304 (13ms)
[2026-04-05T18:42:01.341Z] GET /imagens_projeto_acougue/Pasta_Frango/PeitoS_osso.jpeg -> 304 (14ms)
[2026-04-05T18:42:01.345Z] GET /imagens_projeto_acougue/Pasta_Frango/Sobre_Coxa.jpeg -> 304 (18ms)
[2026-04-05T18:42:01.353Z] GET /imagens_projeto_acougue/Pasta_Frango/Tulipa.jpeg -> 304 (25ms)
[2026-04-05T18:42:01.368Z] GET /imagens_projeto_acougue/Pasta_Frango/moela.jpeg -> 304 (39ms)
[2026-04-05T18:42:01.375Z] GET /imagens_projeto_acougue/Pasta_Frango/figado.jpeg -> 304 (38ms)
[2026-04-05T18:42:01.408Z] GET /imagens_projeto_acougue/Pasta_Frango/pe.jpeg -> 304 (30ms)
[2026-04-05T18:42:01.410Z] GET /imagens_projeto_acougue/Rotisseria/Artroz_Grega.jpeg -> 304 (31ms)
[2026-04-05T18:42:01.445Z] GET /imagens_projeto_acougue/Rotisseria/Contra_assado.jpeg -> 304 (54ms)
[2026-04-05T18:42:01.461Z] GET /imagens_projeto_acougue/Rotisseria/maionese.jpeg -> 304 (69ms)
[2026-04-05T18:42:01.487Z] GET /imagens_projeto_acougue/Rotisseria/Picanha_assada.jpeg -> 304 (93ms)
[2026-04-05T18:42:01.507Z] GET /imagens_projeto_acougue/Conveniencia/carvao.jpeg -> 304 (112ms)
[2026-04-05T18:42:01.524Z] GET /imagens_projeto_acougue/Conveniencia/Cerveja.jpeg -> 304 (3ms)
[2026-04-05T18:45:46.887Z] GET / -> 200 (6ms)
[2026-04-05T18:45:46.971Z] GET /config.js -> 304 (7ms)
[2026-04-05T18:45:47.016Z] GET /imagens_projeto_acougue/Carrinho/car3.png -> 304 (10ms)
[2026-04-05T18:45:47.023Z] GET /imagens_projeto_acougue/Apresentacao/imagemloja.jpeg.jpeg -> 304 (14ms)
[2026-04-05T18:45:47.027Z] GET /imagens_projeto_acougue/Apresentacao/interna2.jpeg.jpeg -> 304 (17ms)
[2026-04-05T18:45:47.036Z] GET /imagens_projeto_acougue/Apresentacao/interna1.jpeg.jpeg -> 304 (27ms)
[2026-04-05T18:45:47.039Z] GET /imagens_projeto_acougue/Apresentacao/imagem.logo.joia.jpeg.png -> 304 (31ms)
[2026-04-05T18:45:47.049Z] GET /style.css -> 200 (43ms)
[2026-04-05T18:45:47.060Z] GET /java.Script.js -> 304 (19ms)
[2026-04-05T18:45:47.091Z] GET /imagens_projeto_acougue/Apresentacao/interna3.jpeg.jpeg -> 304 (49ms)
[2026-04-05T18:45:47.197Z] GET /imagens_projeto_acougue/Apresentacao/interna4.jpeg.jpeg -> 304 (140ms)
[2026-04-05T18:45:47.214Z] GET /imagens_projeto_acougue/Apresentacao/interna5.jpeg -> 304 (156ms)
[2026-04-05T18:45:47.220Z] GET /imagens_projeto_acougue/Carne_Primeira/Picanha.jpeg -> 304 (161ms)
[2026-04-05T18:45:47.226Z] POST /produtos/sync-catalogo -> 401 (2ms)
[2026-04-05T18:45:47.239Z] GET /imagens_projeto_acougue/Carne_Primeira/Contra-file.jpeg -> 304 (43ms)
[2026-04-05T18:45:47.242Z] GET /imagens_projeto_acougue/Carne_Primeira/maminha.jpeg -> 304 (19ms)
[2026-04-05T18:45:47.253Z] GET /imagens_projeto_acougue/Carne_Primeira/Fraudinha.jpeg -> 304 (30ms)
[2026-04-05T18:45:47.270Z] GET /imagens_projeto_acougue/Carne_Primeira/Filet-mignon.Jpeg -> 304 (10ms)
[2026-04-05T18:45:47.276Z] GET /produtos -> 304 (9ms)
[2026-04-05T18:45:47.284Z] GET /imagens_projeto_acougue/Carne_Primeira/Costela-Ripa.jpeg -> 304 (18ms)
[2026-04-05T18:45:47.293Z] GET /imagens_projeto_acougue/Carne_Primeira/Coxao-mole.jpeg -> 304 (25ms)
[2026-04-05T18:45:47.308Z] GET /imagens_projeto_acougue/Carne_Primeira/Coxao-Duro.jpeg -> 304 (39ms)
[2026-04-05T18:45:47.338Z] GET /imagens_projeto_acougue/Carne_Primeira/Costela-PA.jpeg -> 304 (78ms)
[2026-04-05T18:45:47.393Z] GET /imagens_projeto_acougue/Carne_Primeira/Patinho.jpeg -> 304 (49ms)
[2026-04-05T18:45:47.407Z] GET /imagens_projeto_acougue/Carne_Primeira/costelaRecheada.jpeg -> 304 (53ms)
[2026-04-05T18:45:47.420Z] GET /imagens_projeto_acougue/Carnes_Segunda/Bisteca.jpeg -> 304 (65ms)
[2026-04-05T18:45:47.425Z] GET /imagens_projeto_acougue/Carnes_Segunda/Costelinha.jpeg -> 304 (66ms)
[2026-04-05T18:45:47.440Z] GET /imagens_projeto_acougue/Carnes_Segunda/Panceta.jpeg -> 304 (66ms)
[2026-04-05T18:45:47.443Z] GET /imagens_projeto_acougue/Carnes_Segunda/file_mignon.webp -> 304 (83ms)
[2026-04-05T18:45:47.491Z] GET /imagens_projeto_acougue/Carnes_Segunda/Pernilc_osso.jpeg -> 304 (32ms)
[2026-04-05T18:45:47.553Z] GET /imagens_projeto_acougue/Carnes_Segunda/PernilS_osso.jpeg -> 304 (94ms)
[2026-04-05T18:45:47.559Z] GET /imagens_projeto_acougue/Carnes_Segunda/Ling_Apim.jpeg -> 304 (93ms)
[2026-04-05T18:45:47.574Z] GET /imagens_projeto_acougue/Carnes_Segunda/Ling_Fina.jpeg -> 304 (110ms)
[2026-04-05T18:45:47.584Z] GET /imagens_projeto_acougue/Carnes_Segunda/Lombo.jpeg -> 304 (124ms)
[2026-04-05T18:45:47.620Z] GET /imagens_projeto_acougue/Pasta_Frango/Coracao.jpeg -> 304 (153ms)
[2026-04-05T18:45:47.692Z] GET /imagens_projeto_acougue/Pasta_Frango/Coxinha.jpeg -> 304 (101ms)
[2026-04-05T18:45:47.705Z] GET /imagens_projeto_acougue/Pasta_Frango/Coxa_sobre_coxa.jpeg -> 304 (163ms)
[2026-04-05T18:45:47.709Z] GET /imagens_projeto_acougue/Pasta_Frango/Sobre_Coxa.jpeg -> 304 (117ms)
[2026-04-05T18:45:47.724Z] GET /imagens_projeto_acougue/Pasta_Frango/PeitoC_osso.jpeg -> 304 (133ms)
[2026-04-05T18:45:47.739Z] GET /imagens_projeto_acougue/Pasta_Frango/PeitoS_osso.jpeg -> 304 (147ms)
[2026-04-05T18:45:47.772Z] GET /imagens_projeto_acougue/Pasta_Frango/Tulipa.jpeg -> 304 (29ms)
[2026-04-05T18:45:47.776Z] GET /imagens_projeto_acougue/Pasta_Frango/moela.jpeg -> 304 (19ms)
[2026-04-05T18:45:47.804Z] GET /imagens_projeto_acougue/Pasta_Frango/figado.jpeg -> 304 (47ms)
[2026-04-05T18:45:47.808Z] GET /imagens_projeto_acougue/Pasta_Frango/pe.jpeg -> 304 (50ms)
[2026-04-05T18:45:47.823Z] GET /imagens_projeto_acougue/Rotisseria/Artroz_Grega.jpeg -> 304 (65ms)
[2026-04-05T18:45:47.836Z] GET /imagens_projeto_acougue/Rotisseria/Contra_assado.jpeg -> 304 (65ms)
[2026-04-05T18:45:47.852Z] GET /imagens_projeto_acougue/Rotisseria/maionese.jpeg -> 304 (17ms)
[2026-04-05T18:45:47.854Z] GET /imagens_projeto_acougue/Rotisseria/Picanha_assada.jpeg -> 304 (14ms)
[2026-04-05T18:45:47.859Z] GET /imagens_projeto_acougue/Conveniencia/carvao.jpeg -> 304 (18ms)
[2026-04-05T18:45:47.872Z] GET /imagens_projeto_acougue/Conveniencia/Cerveja.jpeg -> 304 (30ms)
[2026-04-05T18:45:57.956Z] GET / -> 304 (4ms)
[2026-04-05T18:45:58.042Z] GET /style.css -> 304 (6ms)
[2026-04-05T18:45:58.096Z] GET /imagens_projeto_acougue/Carrinho/car3.png -> 304 (59ms)
[2026-04-05T18:45:58.174Z] GET /imagens_projeto_acougue/Apresentacao/imagem.logo.joia.jpeg.png -> 304 (135ms)
[2026-04-05T18:45:58.176Z] GET /imagens_projeto_acougue/Apresentacao/interna2.jpeg.jpeg -> 304 (136ms)
[2026-04-05T18:45:58.178Z] GET /imagens_projeto_acougue/Apresentacao/imagemloja.jpeg.jpeg -> 304 (139ms)
[2026-04-05T18:45:58.192Z] GET /imagens_projeto_acougue/Apresentacao/interna1.jpeg.jpeg -> 304 (152ms)
[2026-04-05T18:45:58.206Z] GET /config.js -> 304 (112ms)
[2026-04-05T18:45:58.225Z] GET /imagens_projeto_acougue/Apresentacao/interna3.jpeg.jpeg -> 304 (29ms)
[2026-04-05T18:45:58.228Z] GET /imagens_projeto_acougue/Apresentacao/interna4.jpeg.jpeg -> 304 (17ms)
[2026-04-05T18:45:58.243Z] GET /imagens_projeto_acougue/Apresentacao/interna5.jpeg -> 304 (31ms)
[2026-04-05T18:45:58.245Z] GET /java.Script.js -> 304 (23ms)
[2026-04-05T18:45:58.261Z] GET /imagens_projeto_acougue/Carne_Primeira/Contra-file.jpeg -> 304 (37ms)
[2026-04-05T18:45:58.276Z] POST /produtos/sync-catalogo -> 401 (0ms)
[2026-04-05T18:45:58.288Z] GET /imagens_projeto_acougue/Carne_Primeira/Picanha.jpeg -> 304 (30ms)
[2026-04-05T18:45:58.296Z] GET /imagens_projeto_acougue/Carne_Primeira/maminha.jpeg -> 304 (23ms)
[2026-04-05T18:45:58.306Z] GET /imagens_projeto_acougue/Carne_Primeira/Fraudinha.jpeg -> 304 (32ms)
[2026-04-05T18:45:58.311Z] GET /imagens_projeto_acougue/Carne_Primeira/Filet-mignon.Jpeg -> 304 (37ms)
[2026-04-05T18:45:58.338Z] GET /imagens_projeto_acougue/Carne_Primeira/Costela-PA.jpeg -> 304 (63ms)
[2026-04-05T18:45:58.352Z] GET /imagens_projeto_acougue/Carne_Primeira/Costela-Ripa.jpeg -> 304 (8ms)
[2026-04-05T18:45:58.361Z] GET /produtos -> 304 (15ms)
[2026-04-05T18:45:58.370Z] GET /imagens_projeto_acougue/Carne_Primeira/Coxao-mole.jpeg -> 304 (22ms)
[2026-04-05T18:45:58.390Z] GET /imagens_projeto_acougue/Carne_Primeira/Coxao-Duro.jpeg -> 304 (41ms)
[2026-04-05T18:45:58.393Z] GET /imagens_projeto_acougue/Carne_Primeira/costelaRecheada.jpeg -> 304 (42ms)
[2026-04-05T18:45:58.396Z] GET /imagens_projeto_acougue/Carne_Primeira/Patinho.jpeg -> 304 (46ms)
[2026-04-05T18:45:58.405Z] GET /imagens_projeto_acougue/Carnes_Segunda/Bisteca.jpeg -> 304 (28ms)
[2026-04-05T18:45:58.416Z] GET /imagens_projeto_acougue/Carnes_Segunda/Costelinha.jpeg -> 304 (12ms)
[2026-04-05T18:45:58.423Z] GET /imagens_projeto_acougue/Carnes_Segunda/file_mignon.webp -> 304 (19ms)
[2026-04-05T18:45:58.426Z] GET /imagens_projeto_acougue/Carnes_Segunda/Panceta.jpeg -> 304 (15ms)
[2026-04-05T18:45:58.429Z] GET /imagens_projeto_acougue/Carnes_Segunda/Pernilc_osso.jpeg -> 304 (18ms)
[2026-04-05T18:45:58.442Z] GET /imagens_projeto_acougue/Carnes_Segunda/PernilS_osso.jpeg -> 304 (30ms)
[2026-04-05T18:45:58.446Z] GET /imagens_projeto_acougue/Carnes_Segunda/Lombo.jpeg -> 304 (34ms)
[2026-04-05T18:45:58.469Z] GET /imagens_projeto_acougue/Carnes_Segunda/Ling_Fina.jpeg -> 304 (13ms)
[2026-04-05T18:45:58.475Z] GET /imagens_projeto_acougue/Carnes_Segunda/Ling_Apim.jpeg -> 304 (17ms)
[2026-04-05T18:45:58.478Z] GET /imagens_projeto_acougue/Pasta_Frango/Coxa_sobre_coxa.jpeg -> 304 (19ms)
[2026-04-05T18:45:58.489Z] GET /imagens_projeto_acougue/Pasta_Frango/Coxinha.jpeg -> 304 (29ms)
[2026-04-05T18:45:58.492Z] GET /imagens_projeto_acougue/Pasta_Frango/PeitoC_osso.jpeg -> 304 (31ms)
[2026-04-05T18:45:58.501Z] GET /imagens_projeto_acougue/Pasta_Frango/Coracao.jpeg -> 304 (43ms)
[2026-04-05T18:45:58.511Z] GET /imagens_projeto_acougue/Pasta_Frango/PeitoS_osso.jpeg -> 304 (4ms)
[2026-04-05T18:45:58.518Z] GET /imagens_projeto_acougue/Pasta_Frango/Sobre_Coxa.jpeg -> 304 (10ms)
[2026-04-05T18:45:58.523Z] GET /imagens_projeto_acougue/Pasta_Frango/Tulipa.jpeg -> 304 (15ms)
[2026-04-05T18:45:58.526Z] GET /imagens_projeto_acougue/Pasta_Frango/moela.jpeg -> 304 (16ms)
[2026-04-05T18:45:58.536Z] GET /imagens_projeto_acougue/Pasta_Frango/figado.jpeg -> 304 (26ms)
[2026-04-05T18:45:58.539Z] GET /imagens_projeto_acougue/Pasta_Frango/pe.jpeg -> 304 (28ms)
[2026-04-05T18:45:58.546Z] GET /imagens_projeto_acougue/Rotisseria/Artroz_Grega.jpeg -> 304 (3ms)
[2026-04-05T18:45:58.555Z] GET /imagens_projeto_acougue/Rotisseria/Contra_assado.jpeg -> 304 (12ms)
[2026-04-05T18:45:58.559Z] GET /imagens_projeto_acougue/Rotisseria/maionese.jpeg -> 304 (15ms)
[2026-04-05T18:45:58.562Z] GET /imagens_projeto_acougue/Conveniencia/carvao.jpeg -> 304 (17ms)
[2026-04-05T18:45:58.570Z] GET /imagens_projeto_acougue/Conveniencia/Cerveja.jpeg -> 304 (25ms)
[2026-04-05T18:45:58.574Z] GET /imagens_projeto_acougue/Rotisseria/Picanha_assada.jpeg -> 304 (30ms)
[2026-04-05T18:51:36.769Z] GET / -> 200 (17ms)
[2026-04-05T18:51:37.364Z] GET /style.css -> 200 (13ms)
[2026-04-05T18:51:37.425Z] GET /imagens_projeto_acougue/Carrinho/car3.png -> 200 (11ms)
[2026-04-05T18:51:37.438Z] GET /imagens_projeto_acougue/Apresentacao/imagemloja.jpeg.jpeg -> 200 (8ms)
[2026-04-05T18:51:37.446Z] GET /imagens_projeto_acougue/Apresentacao/interna2.jpeg.jpeg -> 200 (13ms)
[2026-04-05T18:51:37.448Z] GET /imagens_projeto_acougue/Apresentacao/interna1.jpeg.jpeg -> 200 (15ms)
[2026-04-05T18:51:37.501Z] GET /imagens_projeto_acougue/Apresentacao/interna3.jpeg.jpeg -> 200 (9ms)
[2026-04-05T18:51:37.510Z] GET /imagens_projeto_acougue/Carne_Primeira/Contra-file.jpeg -> 200 (17ms)
[2026-04-05T18:51:37.512Z] GET /imagens_projeto_acougue/Apresentacao/interna4.jpeg.jpeg -> 200 (18ms)
[2026-04-05T18:51:37.549Z] GET /imagens_projeto_acougue/Apresentacao/interna5.jpeg -> 200 (7ms)
[2026-04-05T18:51:37.596Z] GET /config.js -> 200 (12ms)
[2026-04-05T18:51:37.604Z] GET /java.Script.js -> 200 (22ms)
[2026-04-05T18:51:37.652Z] GET /imagens_projeto_acougue/Carne_Primeira/maminha.jpeg -> 200 (11ms)
[2026-04-05T18:51:37.661Z] GET /imagens_projeto_acougue/Carne_Primeira/Fraudinha.jpeg -> 200 (18ms)
[2026-04-05T18:51:37.664Z] GET /imagens_projeto_acougue/Carne_Primeira/Picanha.jpeg -> 200 (20ms)
[2026-04-05T18:51:37.678Z] GET /imagens_projeto_acougue/Apresentacao/imagem.logo.joia.jpeg.png -> 200 (251ms)
[2026-04-05T18:51:37.686Z] GET /imagens_projeto_acougue/Carne_Primeira/Filet-mignon.Jpeg -> 200 (9ms)
[2026-04-05T18:51:37.720Z] GET /imagens_projeto_acougue/Carne_Primeira/Costela-PA.jpeg -> 200 (10ms)
[2026-04-05T18:51:37.805Z] GET /imagens_projeto_acougue/Carne_Primeira/Coxao-Duro.jpeg -> 200 (15ms)
[2026-04-05T18:51:37.812Z] GET /imagens_projeto_acougue/Carne_Primeira/Costela-Ripa.jpeg -> 200 (29ms)
[2026-04-05T18:51:37.818Z] GET /imagens_projeto_acougue/Carne_Primeira/Coxao-mole.jpeg -> 200 (29ms)
[2026-04-05T18:51:37.926Z] GET /produtos -> 200 (2ms)
[2026-04-05T18:51:37.930Z] GET /imagens_projeto_acougue/Carne_Primeira/costelaRecheada.jpeg -> 200 (6ms)
[2026-04-05T18:51:37.932Z] GET /imagens_projeto_acougue/Carne_Primeira/Patinho.jpeg -> 200 (9ms)
[2026-04-05T18:51:37.968Z] GET /imagens_projeto_acougue/Carnes_Segunda/Costelinha.jpeg -> 200 (8ms)
[2026-04-05T18:51:37.973Z] GET /imagens_projeto_acougue/Carnes_Segunda/Bisteca.jpeg -> 200 (14ms)
[2026-04-05T18:51:38.014Z] GET /imagens_projeto_acougue/Carnes_Segunda/file_mignon.webp -> 200 (33ms)
[2026-04-05T18:51:38.015Z] GET /imagens_projeto_acougue/Carnes_Segunda/Panceta.jpeg -> 200 (34ms)
[2026-04-05T18:51:38.062Z] GET /imagens_projeto_acougue/Carnes_Segunda/Ling_Fina.jpeg -> 200 (15ms)
[2026-04-05T18:51:38.064Z] GET /imagens_projeto_acougue/Carnes_Segunda/Pernilc_osso.jpeg -> 200 (16ms)
[2026-04-05T18:51:38.068Z] GET /imagens_projeto_acougue/Carnes_Segunda/Lombo.jpeg -> 200 (19ms)
[2026-04-05T18:51:38.077Z] GET /imagens_projeto_acougue/Carnes_Segunda/PernilS_osso.jpeg -> 200 (29ms)
[2026-04-05T18:51:38.108Z] GET /imagens_projeto_acougue/Carnes_Segunda/Ling_Apim.jpeg -> 200 (11ms)
[2026-04-05T18:51:38.131Z] GET /imagens_projeto_acougue/Pasta_Frango/Coracao.jpeg -> 200 (20ms)
[2026-04-05T18:51:38.136Z] GET /imagens_projeto_acougue/Pasta_Frango/Coxa_sobre_coxa.jpeg -> 200 (18ms)
[2026-04-05T18:51:38.146Z] GET /imagens_projeto_acougue/Pasta_Frango/PeitoC_osso.jpeg -> 200 (26ms)
[2026-04-05T18:51:38.148Z] GET /imagens_projeto_acougue/Pasta_Frango/Coxinha.jpeg -> 200 (29ms)
[2026-04-05T18:51:38.150Z] GET /imagens_projeto_acougue/Pasta_Frango/PeitoS_osso.jpeg -> 200 (29ms)
[2026-04-05T18:51:38.213Z] GET /imagens_projeto_acougue/Pasta_Frango/moela.jpeg -> 200 (5ms)
[2026-04-05T18:51:38.217Z] GET /imagens_projeto_acougue/Pasta_Frango/figado.jpeg -> 200 (10ms)
[2026-04-05T18:51:38.220Z] GET /imagens_projeto_acougue/Pasta_Frango/Sobre_Coxa.jpeg -> 200 (12ms)
[2026-04-05T18:51:38.228Z] GET /imagens_projeto_acougue/Pasta_Frango/Tulipa.jpeg -> 200 (20ms)
[2026-04-05T18:51:38.235Z] GET /imagens_projeto_acougue/Pasta_Frango/pe.jpeg -> 200 (9ms)
[2026-04-05T18:51:38.282Z] GET /imagens_projeto_acougue/Rotisseria/Artroz_Grega.jpeg -> 200 (55ms)
[2026-04-05T18:51:38.296Z] GET /imagens_projeto_acougue/Rotisseria/Picanha_assada.jpeg -> 200 (12ms)
[2026-04-05T18:51:38.299Z] GET /imagens_projeto_acougue/Conveniencia/carvao.jpeg -> 200 (14ms)
[2026-04-05T18:51:38.303Z] GET /imagens_projeto_acougue/Rotisseria/Contra_assado.jpeg -> 200 (20ms)
[2026-04-05T18:51:38.311Z] GET /imagens_projeto_acougue/Rotisseria/maionese.jpeg -> 200 (27ms)
[2026-04-05T18:51:38.316Z] GET /imagens_projeto_acougue/Conveniencia/Cerveja.jpeg -> 200 (7ms)
[2026-04-05T18:51:38.497Z] GET /favicon.ico -> 404 (6ms)
[2026-04-05T18:52:30.668Z] GET / -> 200 (5ms)
[2026-04-05T18:52:30.830Z] GET /style.css -> 200 (5ms)
[2026-04-05T18:52:30.952Z] GET /imagens_projeto_acougue/Apresentacao/interna4.jpeg.jpeg -> 200 (22ms)
[2026-04-05T18:52:30.960Z] GET /imagens_projeto_acougue/Apresentacao/interna3.jpeg.jpeg -> 200 (26ms)
[2026-04-05T18:52:30.962Z] GET /imagens_projeto_acougue/Carne_Primeira/maminha.jpeg -> 200 (29ms)
[2026-04-05T18:52:30.965Z] GET /imagens_projeto_acougue/Apresentacao/interna5.jpeg -> 200 (29ms)
[2026-04-05T18:52:31.068Z] GET /imagens_projeto_acougue/Carne_Primeira/Picanha.jpeg -> 200 (9ms)
[2026-04-05T18:52:31.096Z] GET /imagens_projeto_acougue/Carne_Primeira/Contra-file.jpeg -> 200 (35ms)
[2026-04-05T18:52:31.179Z] GET /imagens_projeto_acougue/Carrinho/car3.png -> 200 (18ms)
[2026-04-05T18:52:31.184Z] GET /imagens_projeto_acougue/Apresentacao/imagemloja.jpeg.jpeg -> 200 (20ms)
[2026-04-05T18:52:31.189Z] GET /config.js -> 200 (24ms)
[2026-04-05T18:52:31.194Z] GET /imagens_projeto_acougue/Apresentacao/interna1.jpeg.jpeg -> 200 (8ms)
[2026-04-05T18:52:31.196Z] GET /imagens_projeto_acougue/Apresentacao/interna2.jpeg.jpeg -> 200 (9ms)
[2026-04-05T18:52:31.209Z] GET /java.Script.js -> 200 (1ms)
[2026-04-05T18:52:31.299Z] GET /imagens_projeto_acougue/Carne_Primeira/Fraudinha.jpeg -> 200 (14ms)
[2026-04-05T18:52:31.313Z] GET /imagens_projeto_acougue/Carne_Primeira/Costela-PA.jpeg -> 200 (26ms)
[2026-04-05T18:52:31.315Z] GET /imagens_projeto_acougue/Carne_Primeira/Filet-mignon.Jpeg -> 200 (26ms)
[2026-04-05T18:52:31.317Z] GET /imagens_projeto_acougue/Carne_Primeira/Costela-Ripa.jpeg -> 200 (26ms)
[2026-04-05T18:52:31.332Z] GET /imagens_projeto_acougue/Carne_Primeira/Coxao-mole.jpeg -> 200 (1ms)
[2026-04-05T18:52:31.364Z] GET /imagens_projeto_acougue/Apresentacao/imagem.logo.joia.jpeg.png -> 200 (202ms)
[2026-04-05T18:52:31.397Z] GET /imagens_projeto_acougue/Carne_Primeira/Coxao-Duro.jpeg -> 200 (13ms)
[2026-04-05T18:52:31.400Z] GET /imagens_projeto_acougue/Carne_Primeira/Patinho.jpeg -> 200 (14ms)
[2026-04-05T18:52:31.404Z] GET /imagens_projeto_acougue/Carne_Primeira/costelaRecheada.jpeg -> 200 (16ms)
[2026-04-05T18:52:31.410Z] GET /imagens_projeto_acougue/Carnes_Segunda/Bisteca.jpeg -> 200 (20ms)
[2026-04-05T18:52:31.412Z] GET /imagens_projeto_acougue/Carnes_Segunda/Costelinha.jpeg -> 200 (4ms)
[2026-04-05T18:52:31.414Z] GET /imagens_projeto_acougue/Carnes_Segunda/file_mignon.webp -> 200 (5ms)
[2026-04-05T18:52:31.440Z] GET /produtos -> 200 (3ms)
[2026-04-05T18:52:31.450Z] GET /imagens_projeto_acougue/Carnes_Segunda/Pernilc_osso.jpeg -> 200 (2ms)
[2026-04-05T18:52:31.454Z] GET /imagens_projeto_acougue/Carnes_Segunda/Panceta.jpeg -> 200 (5ms)
[2026-04-05T18:52:31.465Z] GET /imagens_projeto_acougue/Carnes_Segunda/PernilS_osso.jpeg -> 200 (2ms)
[2026-04-05T18:52:31.468Z] GET /imagens_projeto_acougue/Carnes_Segunda/Lombo.jpeg -> 200 (5ms)
[2026-04-05T18:52:31.478Z] GET /imagens_projeto_acougue/Carnes_Segunda/Ling_Fina.jpeg -> 200 (15ms)
[2026-04-05T18:52:31.481Z] GET /imagens_projeto_acougue/Carnes_Segunda/Ling_Apim.jpeg -> 200 (4ms)
[2026-04-05T18:52:31.482Z] GET /imagens_projeto_acougue/Pasta_Frango/Coracao.jpeg -> 200 (5ms)
[2026-04-05T18:52:31.484Z] GET /imagens_projeto_acougue/Pasta_Frango/Coxa_sobre_coxa.jpeg -> 200 (5ms)
[2026-04-05T18:52:31.487Z] GET /imagens_projeto_acougue/Pasta_Frango/Coxinha.jpeg -> 200 (7ms)
[2026-04-05T18:52:31.504Z] GET /imagens_projeto_acougue/Pasta_Frango/PeitoC_osso.jpeg -> 200 (5ms)
[2026-04-05T18:52:31.508Z] GET /imagens_projeto_acougue/Pasta_Frango/PeitoS_osso.jpeg -> 200 (8ms)
[2026-04-05T18:52:31.526Z] GET /imagens_projeto_acougue/Pasta_Frango/moela.jpeg -> 200 (4ms)
[2026-04-05T18:52:31.528Z] GET /imagens_projeto_acougue/Pasta_Frango/Sobre_Coxa.jpeg -> 200 (6ms)
[2026-04-05T18:52:31.530Z] GET /imagens_projeto_acougue/Pasta_Frango/pe.jpeg -> 200 (6ms)
[2026-04-05T18:52:31.534Z] GET /imagens_projeto_acougue/Pasta_Frango/Tulipa.jpeg -> 200 (11ms)
[2026-04-05T18:52:31.541Z] GET /imagens_projeto_acougue/Pasta_Frango/figado.jpeg -> 200 (18ms)
[2026-04-05T18:52:31.596Z] GET /imagens_projeto_acougue/Rotisseria/Artroz_Grega.jpeg -> 200 (15ms)
[2026-04-05T18:52:31.598Z] GET /imagens_projeto_acougue/Rotisseria/maionese.jpeg -> 200 (14ms)
[2026-04-05T18:52:31.600Z] GET /imagens_projeto_acougue/Rotisseria/Picanha_assada.jpeg -> 200 (14ms)
[2026-04-05T18:52:31.603Z] GET /imagens_projeto_acougue/Rotisseria/Contra_assado.jpeg -> 200 (20ms)
[2026-04-05T18:52:31.612Z] GET /imagens_projeto_acougue/Conveniencia/carvao.jpeg -> 200 (25ms)
[2026-04-05T18:52:31.614Z] GET /imagens_projeto_acougue/Conveniencia/Cerveja.jpeg -> 200 (26ms)
[2026-04-05T18:52:31.725Z] GET /favicon.ico -> 404 (1ms)
[2026-04-05T19:01:45.091Z] GET /estoque/1 -> 200 (7ms)
[2026-04-05T19:01:56.467Z] GET /estoque/2 -> 200 (4ms)
[2026-04-05T19:02:14.339Z] GET /estoque/2 -> 304 (9ms)
[2026-04-05T19:04:54.914Z] GET /estoque/1 -> 304 (3ms)
[2026-04-05T19:04:54.928Z] GET /estoque/2 -> 304 (1ms)
[2026-04-05T19:05:10.516Z] GET /estoque/1 -> 304 (7ms)
[2026-04-05T19:05:10.558Z] GET /estoque/2 -> 304 (4ms)
[2026-04-05T19:05:20.139Z] GET /estoque/1 -> 304 (7ms)
[2026-04-05T19:05:20.172Z] GET /estoque/2 -> 304 (3ms)
[2026-04-05T19:05:32.922Z] GET /estoque/1 -> 304 (3ms)
[2026-04-05T19:05:32.979Z] GET /estoque/2 -> 304 (3ms)
